#
# There is insufficient memory for the Java Runtime Environment to continue.
# Native memory allocation (mmap) failed to map 32505856 bytes for Failed to commit area from 0x000000008b400000 to 0x000000008d300000 of length 32505856.
# Possible reasons:
#   The system is out of physical RAM or swap space
#   The process is running with CompressedOops enabled, and the Java Heap may be blocking the growth of the native heap
# Possible solutions:
#   Reduce memory load on the system
#   Increase physical memory or swap space
#   Check if swap backing store is full
#   Decrease Java heap size (-Xmx/-Xms)
#   Decrease number of Java threads
#   Decrease Java thread stack sizes (-Xss)
#   Set larger code cache with -XX:ReservedCodeCacheSize=
#   JVM is running with Unscaled Compressed Oops mode in which the Java heap is
#     placed in the first 4GB address space. The Java Heap base address is the
#     maximum limit for the native heap growth. Please use -XX:HeapBaseMinAddress
#     to set the Java Heap base and to place the Java Heap above 4GB virtual address.
# This output file may be truncated or incomplete.
#
#  Out of Memory Error (t:/workspace/open/src/hotspot/os/windows/os_windows.cpp:3274), pid=7468, tid=4244
#
# JRE version: Java(TM) SE Runtime Environment (11.0.5+10) (build 11.0.5+10-LTS)
# Java VM: Java HotSpot(TM) 64-Bit Server VM (11.0.5+10-LTS, mixed mode, tiered, compressed oops, g1 gc, windows-amd64)
# No core dump will be written. Minidumps are not enabled by default on client versions of Windows
#

---------------  S U M M A R Y ------------

Command Line: -XX:TieredStopAtLevel=1 -Xverify:none -Dspring.output.ansi.enabled=always -javaagent:C:\Program Files\JetBrains\IntelliJ IDEA 2019.3.3\lib\idea_rt.jar=10675:C:\Program Files\JetBrains\IntelliJ IDEA 2019.3.3\bin -Dfile.encoding=UTF-8 Expense2Application

Host: Intel(R) Core(TM) i5-3230M CPU @ 2.60GHz, 4 cores, 7G,  Windows 10 , 64 bit Build 17134 (10.0.17134.1425)
Time: Wed Jul  8 18:14:35 2020 E. Africa Standard Time elapsed time: 9 seconds (0d 0h 0m 9s)

---------------  T H R E A D  ---------------

Current thread (0x000002677f434800):  VMThread "VM Thread" [stack: 0x000000c29ac00000,0x000000c29ad00000] [id=4244]

Stack: [0x000000c29ac00000,0x000000c29ad00000]
[error occurred during error reporting (printing stack bounds), id 0xc0000005, EXCEPTION_ACCESS_VIOLATION (0xc0000005) at pc=0x0000026708290bad]

Native frames: (J=compiled Java code, j=interpreted, Vv=VM code, C=native code)
V  [jvm.dll+0x63611a]
V  [jvm.dll+0x77426f]
V  [jvm.dll+0x77591a]
V  [jvm.dll+0x775f35]
V  [jvm.dll+0x775eeb]
V  [jvm.dll+0x635826]
V  [jvm.dll+0x635be8]
C  [ntdll.dll+0x9f7fd]
C  [ntdll.dll+0xd856]
C  [ntdll.dll+0x9e72e]
C  0x0000026708290bad

VM_Operation (0x000000c29bafc390): G1CollectForAllocation, mode: safepoint, requested by thread 0x0000026719e12800


---------------  P R O C E S S  ---------------

Threads class SMR info:
_java_thread_list=0x000002671d23cb50, length=35, elements={
0x000002677a355000, 0x000002677f46e800, 0x000002677f46f800, 0x000002677f46b000,
0x000002677f47d000, 0x000002677f47e800, 0x000002677f483800, 0x000002677f3f0800,
0x000002671984f000, 0x000002671984c000, 0x0000026719dba000, 0x0000026719e12800,
0x0000026719b74800, 0x000002671aae9800, 0x0000026719be2800, 0x0000026719be3800,
0x000002671a7e6800, 0x0000026719a08000, 0x000002671af98800, 0x000002671ce16800,
0x000002671ce1d000, 0x000002671ce17800, 0x000002671ce1b800, 0x000002671ce18800,
0x000002671ce19000, 0x000002671ce1a000, 0x000002671ce1b000, 0x000002671ce1c800,
0x000002671d111000, 0x000002671d115000, 0x000002671d112800, 0x000002671d113800,
0x000002671d114800, 0x000002671d116000, 0x000002671d112000
}

Java Threads: ( => current thread )
  0x000002677a355000 JavaThread "main" [_thread_blocked, id=9148, stack(0x000000c29a600000,0x000000c29a700000)]
  0x000002677f46e800 JavaThread "Reference Handler" daemon [_thread_blocked, id=10384, stack(0x000000c29ad00000,0x000000c29ae00000)]
  0x000002677f46f800 JavaThread "Finalizer" daemon [_thread_blocked, id=4992, stack(0x000000c29ae00000,0x000000c29af00000)]
  0x000002677f46b000 JavaThread "Signal Dispatcher" daemon [_thread_blocked, id=4604, stack(0x000000c29af00000,0x000000c29b000000)]
  0x000002677f47d000 JavaThread "Attach Listener" daemon [_thread_blocked, id=11900, stack(0x000000c29b000000,0x000000c29b100000)]
  0x000002677f47e800 JavaThread "C1 CompilerThread0" daemon [_thread_blocked, id=12240, stack(0x000000c29b100000,0x000000c29b200000)]
  0x000002677f483800 JavaThread "Sweeper thread" daemon [_thread_blocked, id=11760, stack(0x000000c29b200000,0x000000c29b300000)]
  0x000002677f3f0800 JavaThread "Common-Cleaner" daemon [_thread_blocked, id=10000, stack(0x000000c29b300000,0x000000c29b400000)]
  0x000002671984f000 JavaThread "Monitor Ctrl-Break" daemon [_thread_in_native, id=5572, stack(0x000000c29b400000,0x000000c29b500000)]
  0x000002671984c000 JavaThread "Service Thread" daemon [_thread_blocked, id=13908, stack(0x000000c29b500000,0x000000c29b600000)]
  0x0000026719dba000 JavaThread "Thread-0" [_thread_blocked, id=10064, stack(0x000000c29b900000,0x000000c29ba00000)]
  0x0000026719e12800 JavaThread "restartedMain" [_thread_blocked, id=1028, stack(0x000000c29ba00000,0x000000c29bb00000)]
  0x0000026719b74800 JavaThread "Catalina-utility-1" [_thread_blocked, id=11044, stack(0x000000c29bb00000,0x000000c29bc00000)]
  0x000002671aae9800 JavaThread "Catalina-utility-2" [_thread_blocked, id=9920, stack(0x000000c29bd00000,0x000000c29be00000)]
  0x0000026719be2800 JavaThread "container-0" [_thread_blocked, id=11840, stack(0x000000c29be00000,0x000000c29bf00000)]
  0x0000026719be3800 JavaThread "mysql-cj-abandoned-connection-cleanup" daemon [_thread_blocked, id=3688, stack(0x000000c29bf00000,0x000000c29c000000)]
  0x000002671a7e6800 JavaThread "HikariPool-1 housekeeper" daemon [_thread_blocked, id=1644, stack(0x000000c29c100000,0x000000c29c200000)]
  0x0000026719a08000 JavaThread "task-1" [_thread_blocked, id=12648, stack(0x000000c29c200000,0x000000c29c300000)]
  0x000002671af98800 JavaThread "HikariPool-1 connection adder" daemon [_thread_blocked, id=9764, stack(0x000000c29c300000,0x000000c29c400000)]
  0x000002671ce16800 JavaThread "File Watcher" daemon [_thread_blocked, id=11376, stack(0x000000c29c400000,0x000000c29c500000)]
  0x000002671ce1d000 JavaThread "Live Reload Server" daemon [_thread_in_native, id=10956, stack(0x000000c29c600000,0x000000c29c700000)]
  0x000002671ce17800 JavaThread "http-nio-8081-BlockPoller" daemon [_thread_in_native, id=7536, stack(0x000000c29c500000,0x000000c29c600000)]
  0x000002671ce1b800 JavaThread "http-nio-8081-exec-1" daemon [_thread_blocked, id=12948, stack(0x000000c29c700000,0x000000c29c800000)]
  0x000002671ce18800 JavaThread "http-nio-8081-exec-2" daemon [_thread_blocked, id=6240, stack(0x000000c29c800000,0x000000c29c900000)]
  0x000002671ce19000 JavaThread "http-nio-8081-exec-3" daemon [_thread_blocked, id=12864, stack(0x000000c29c900000,0x000000c29ca00000)]
  0x000002671ce1a000 JavaThread "http-nio-8081-exec-4" daemon [_thread_blocked, id=13012, stack(0x000000c29ca00000,0x000000c29cb00000)]
  0x000002671ce1b000 JavaThread "http-nio-8081-exec-5" daemon [_thread_blocked, id=10192, stack(0x000000c29cb00000,0x000000c29cc00000)]
  0x000002671ce1c800 JavaThread "http-nio-8081-exec-6" daemon [_thread_blocked, id=10632, stack(0x000000c29cc00000,0x000000c29cd00000)]
  0x000002671d111000 JavaThread "http-nio-8081-exec-7" daemon [_thread_blocked, id=3516, stack(0x000000c29cd00000,0x000000c29ce00000)]
  0x000002671d115000 JavaThread "http-nio-8081-exec-8" daemon [_thread_blocked, id=7984, stack(0x000000c29ce00000,0x000000c29cf00000)]
  0x000002671d112800 JavaThread "http-nio-8081-exec-9" daemon [_thread_blocked, id=11436, stack(0x000000c29cf00000,0x000000c29d000000)]
  0x000002671d113800 JavaThread "http-nio-8081-exec-10" daemon [_thread_blocked, id=4028, stack(0x000000c29d000000,0x000000c29d100000)]
  0x000002671d114800 JavaThread "http-nio-8081-ClientPoller" daemon [_thread_in_native, id=2860, stack(0x000000c29d100000,0x000000c29d200000)]
  0x000002671d116000 JavaThread "http-nio-8081-Acceptor" daemon [_thread_in_native, id=7996, stack(0x000000c29d200000,0x000000c29d300000)]
  0x000002671d112000 JavaThread "task-2" [_thread_blocked, id=13440, stack(0x000000c29d300000,0x000000c29d400000)]

Other Threads:
=>0x000002677f434800 VMThread "VM Thread" [stack: 0x000000c29ac00000,0x000000c29ad00000] [id=4244]
  0x000002671989f800 WatcherThread [stack: 0x000000c29b600000,0x000000c29b700000] [id=12080]
  0x000002677a36c000 GCTaskThread "GC Thread#0" [stack: 0x000000c29a700000,0x000000c29a800000] [id=5288]
  0x0000026719aab000 GCTaskThread "GC Thread#1" [stack: 0x000000c29b700000,0x000000c29b800000] [id=12116]
  0x0000026719a84000 GCTaskThread "GC Thread#2" [stack: 0x000000c29b800000,0x000000c29b900000] [id=12736]
  0x000002671a316800 GCTaskThread "GC Thread#3" [stack: 0x000000c29bc00000,0x000000c29bd00000] [id=11800]
  0x000002677a39e000 ConcurrentGCThread "G1 Main Marker" [stack: 0x000000c29a800000,0x000000c29a900000] [id=10800]
  0x000002677a39f800 ConcurrentGCThread "G1 Conc#0" [stack: 0x000000c29a900000,0x000000c29aa00000] [id=13392]
  0x000002677a41e800 ConcurrentGCThread "G1 Refine#0" [stack: 0x000000c29aa00000,0x000000c29ab00000] [id=10764]
  0x000002677f2a2800 ConcurrentGCThread "G1 Young RemSet Sampling" [stack: 0x000000c29ab00000,0x000000c29ac00000] [id=7120]

Threads with active compile tasks:

VM state:at safepoint (normal execution)

VM Mutex/Monitor currently owned by a thread:  ([mutex/lock_event])
[0x000002677a354a10] Threads_lock - owner thread: 0x000002677f434800
[0x000002677a354590] Heap_lock - owner thread: 0x0000026719e12800

Heap address: 0x0000000081a00000, size: 2022 MB, Compressed Oops mode: 32-bit
Narrow klass base: 0x0000000000000000, Narrow klass shift: 3
Compressed class space size: 1073741824 Address: 0x0000000100000000

Heap:
 garbage-first heap   total 189440K, used 28010K [0x0000000081a00000, 0x0000000100000000)
  region size 1024K, 10 young (10240K), 10 survivors (10240K)
 Metaspace       used 55353K, capacity 56841K, committed 57008K, reserved 1099776K
  class space    used 7069K, capacity 7665K, committed 7680K, reserved 1048576K
Heap Regions: E=young(eden), S=young(survivor), O=old, HS=humongous(starts), HC=humongous(continues), CS=collection set, F=free, A=archive, TAMS=top-at-mark-start (previous, next)
|   0|0x0000000081a00000, 0x0000000081b00000, 0x0000000081b00000|100%|HS|  |TAMS 0x0000000081b00000, 0x0000000081a00000| Complete 
|   1|0x0000000081b00000, 0x0000000081c00000, 0x0000000081c00000|100%| O|  |TAMS 0x0000000081c00000, 0x0000000081b00000| Untracked 
|   2|0x0000000081c00000, 0x0000000081d00000, 0x0000000081d00000|100%| O|  |TAMS 0x0000000081d00000, 0x0000000081c00000| Untracked 
|   3|0x0000000081d00000, 0x0000000081e00000, 0x0000000081e00000|100%| O|  |TAMS 0x0000000081e00000, 0x0000000081d00000| Untracked 
|   4|0x0000000081e00000, 0x0000000081f00000, 0x0000000081f00000|100%| O|  |TAMS 0x0000000081f00000, 0x0000000081e00000| Untracked 
|   5|0x0000000081f00000, 0x0000000082000000, 0x0000000082000000|100%| O|  |TAMS 0x0000000082000000, 0x0000000081f00000| Untracked 
|   6|0x0000000082000000, 0x0000000082100000, 0x0000000082100000|100%| O|  |TAMS 0x0000000082100000, 0x0000000082000000| Untracked 
|   7|0x0000000082100000, 0x0000000082200000, 0x0000000082200000|100%| O|  |TAMS 0x0000000082200000, 0x0000000082100000| Untracked 
|   8|0x0000000082200000, 0x0000000082300000, 0x0000000082300000|100%| O|  |TAMS 0x0000000082300000, 0x0000000082200000| Untracked 
|   9|0x0000000082300000, 0x0000000082400000, 0x0000000082400000|100%| O|  |TAMS 0x0000000082400000, 0x0000000082300000| Untracked 
|  10|0x0000000082400000, 0x0000000082500000, 0x0000000082500000|100%| O|  |TAMS 0x0000000082452600, 0x0000000082400000| Untracked 
|  11|0x0000000082500000, 0x0000000082600000, 0x0000000082600000|100%| O|  |TAMS 0x0000000082500000, 0x0000000082500000| Untracked 
|  12|0x0000000082600000, 0x0000000082700000, 0x0000000082700000|100%| O|  |TAMS 0x0000000082600000, 0x0000000082600000| Untracked 
|  13|0x0000000082700000, 0x0000000082800000, 0x0000000082800000|100%| O|  |TAMS 0x0000000082700000, 0x0000000082700000| Untracked 
|  14|0x0000000082800000, 0x0000000082900000, 0x0000000082900000|100%| O|  |TAMS 0x0000000082800000, 0x0000000082800000| Untracked 
|  15|0x0000000082900000, 0x0000000082a00000, 0x0000000082a00000|100%| O|  |TAMS 0x0000000082900000, 0x0000000082900000| Untracked 
|  16|0x0000000082a00000, 0x0000000082b00000, 0x0000000082b00000|100%| O|  |TAMS 0x0000000082a00000, 0x0000000082a00000| Untracked 
|  17|0x0000000082b00000, 0x0000000082bda800, 0x0000000082c00000| 85%| O|  |TAMS 0x0000000082b00000, 0x0000000082b00000| Untracked 
|  18|0x0000000082c00000, 0x0000000082c00000, 0x0000000082d00000|  0%| F|  |TAMS 0x0000000082c00000, 0x0000000082c00000| Untracked 
|  19|0x0000000082d00000, 0x0000000082d00000, 0x0000000082e00000|  0%| F|  |TAMS 0x0000000082d00000, 0x0000000082d00000| Untracked 
|  20|0x0000000082e00000, 0x0000000082e00000, 0x0000000082f00000|  0%| F|  |TAMS 0x0000000082e00000, 0x0000000082e00000| Untracked 
|  21|0x0000000082f00000, 0x0000000082f00000, 0x0000000083000000|  0%| F|  |TAMS 0x0000000082f00000, 0x0000000082f00000| Untracked 
|  22|0x0000000083000000, 0x0000000083000000, 0x0000000083100000|  0%| F|  |TAMS 0x0000000083000000, 0x0000000083000000| Untracked 
|  23|0x0000000083100000, 0x0000000083100000, 0x0000000083200000|  0%| F|  |TAMS 0x0000000083100000, 0x0000000083100000| Untracked 
|  24|0x0000000083200000, 0x0000000083200000, 0x0000000083300000|  0%| F|  |TAMS 0x0000000083200000, 0x0000000083200000| Untracked 
|  25|0x0000000083300000, 0x0000000083300000, 0x0000000083400000|  0%| F|  |TAMS 0x0000000083300000, 0x0000000083300000| Untracked 
|  26|0x0000000083400000, 0x0000000083400000, 0x0000000083500000|  0%| F|  |TAMS 0x0000000083400000, 0x0000000083400000| Untracked 
|  27|0x0000000083500000, 0x0000000083500000, 0x0000000083600000|  0%| F|  |TAMS 0x0000000083500000, 0x0000000083500000| Untracked 
|  28|0x0000000083600000, 0x0000000083600000, 0x0000000083700000|  0%| F|  |TAMS 0x0000000083600000, 0x0000000083600000| Untracked 
|  29|0x0000000083700000, 0x0000000083700000, 0x0000000083800000|  0%| F|  |TAMS 0x0000000083700000, 0x0000000083700000| Untracked 
|  30|0x0000000083800000, 0x0000000083800000, 0x0000000083900000|  0%| F|  |TAMS 0x0000000083800000, 0x0000000083800000| Untracked 
|  31|0x0000000083900000, 0x0000000083900000, 0x0000000083a00000|  0%| F|  |TAMS 0x0000000083900000, 0x0000000083900000| Untracked 
|  32|0x0000000083a00000, 0x0000000083a00000, 0x0000000083b00000|  0%| F|  |TAMS 0x0000000083a00000, 0x0000000083a00000| Untracked 
|  33|0x0000000083b00000, 0x0000000083b00000, 0x0000000083c00000|  0%| F|  |TAMS 0x0000000083b00000, 0x0000000083b00000| Untracked 
|  34|0x0000000083c00000, 0x0000000083c00000, 0x0000000083d00000|  0%| F|  |TAMS 0x0000000083c00000, 0x0000000083c00000| Untracked 
|  35|0x0000000083d00000, 0x0000000083d00000, 0x0000000083e00000|  0%| F|  |TAMS 0x0000000083d00000, 0x0000000083d00000| Untracked 
|  36|0x0000000083e00000, 0x0000000083e00000, 0x0000000083f00000|  0%| F|  |TAMS 0x0000000083e00000, 0x0000000083e00000| Untracked 
|  37|0x0000000083f00000, 0x0000000083f00000, 0x0000000084000000|  0%| F|  |TAMS 0x0000000083f00000, 0x0000000083f00000| Untracked 
|  38|0x0000000084000000, 0x0000000084000000, 0x0000000084100000|  0%| F|  |TAMS 0x0000000084000000, 0x0000000084000000| Untracked 
|  39|0x0000000084100000, 0x0000000084100000, 0x0000000084200000|  0%| F|  |TAMS 0x0000000084100000, 0x0000000084100000| Untracked 
|  40|0x0000000084200000, 0x0000000084200000, 0x0000000084300000|  0%| F|  |TAMS 0x0000000084200000, 0x0000000084200000| Untracked 
|  41|0x0000000084300000, 0x0000000084300000, 0x0000000084400000|  0%| F|  |TAMS 0x0000000084300000, 0x0000000084300000| Untracked 
|  42|0x0000000084400000, 0x0000000084400000, 0x0000000084500000|  0%| F|  |TAMS 0x0000000084400000, 0x0000000084400000| Untracked 
|  43|0x0000000084500000, 0x0000000084500000, 0x0000000084600000|  0%| F|  |TAMS 0x0000000084500000, 0x0000000084500000| Untracked 
|  44|0x0000000084600000, 0x0000000084600000, 0x0000000084700000|  0%| F|  |TAMS 0x0000000084600000, 0x0000000084600000| Untracked 
|  45|0x0000000084700000, 0x0000000084700000, 0x0000000084800000|  0%| F|  |TAMS 0x0000000084700000, 0x0000000084700000| Untracked 
|  46|0x0000000084800000, 0x0000000084800000, 0x0000000084900000|  0%| F|  |TAMS 0x0000000084800000, 0x0000000084800000| Untracked 
|  47|0x0000000084900000, 0x0000000084900000, 0x0000000084a00000|  0%| F|  |TAMS 0x0000000084900000, 0x0000000084900000| Untracked 
|  48|0x0000000084a00000, 0x0000000084a00000, 0x0000000084b00000|  0%| F|  |TAMS 0x0000000084a00000, 0x0000000084a00000| Untracked 
|  49|0x0000000084b00000, 0x0000000084b00000, 0x0000000084c00000|  0%| F|  |TAMS 0x0000000084b00000, 0x0000000084b00000| Untracked 
|  50|0x0000000084c00000, 0x0000000084c00000, 0x0000000084d00000|  0%| F|  |TAMS 0x0000000084c00000, 0x0000000084c00000| Untracked 
|  51|0x0000000084d00000, 0x0000000084d00000, 0x0000000084e00000|  0%| F|  |TAMS 0x0000000084d00000, 0x0000000084d00000| Untracked 
|  52|0x0000000084e00000, 0x0000000084e00000, 0x0000000084f00000|  0%| F|  |TAMS 0x0000000084e00000, 0x0000000084e00000| Untracked 
|  53|0x0000000084f00000, 0x0000000084f00000, 0x0000000085000000|  0%| F|  |TAMS 0x0000000084f00000, 0x0000000084f00000| Untracked 
|  54|0x0000000085000000, 0x0000000085000000, 0x0000000085100000|  0%| F|  |TAMS 0x0000000085000000, 0x0000000085000000| Untracked 
|  55|0x0000000085100000, 0x0000000085100000, 0x0000000085200000|  0%| F|  |TAMS 0x0000000085100000, 0x0000000085100000| Untracked 
|  56|0x0000000085200000, 0x0000000085200000, 0x0000000085300000|  0%| F|  |TAMS 0x0000000085200000, 0x0000000085200000| Untracked 
|  57|0x0000000085300000, 0x0000000085300000, 0x0000000085400000|  0%| F|  |TAMS 0x0000000085300000, 0x0000000085300000| Untracked 
|  58|0x0000000085400000, 0x0000000085400000, 0x0000000085500000|  0%| F|  |TAMS 0x0000000085400000, 0x0000000085400000| Untracked 
|  59|0x0000000085500000, 0x0000000085500000, 0x0000000085600000|  0%| F|  |TAMS 0x0000000085500000, 0x0000000085500000| Untracked 
|  60|0x0000000085600000, 0x0000000085600000, 0x0000000085700000|  0%| F|  |TAMS 0x0000000085600000, 0x0000000085600000| Untracked 
|  61|0x0000000085700000, 0x0000000085700000, 0x0000000085800000|  0%| F|  |TAMS 0x0000000085700000, 0x0000000085700000| Untracked 
|  62|0x0000000085800000, 0x0000000085800000, 0x0000000085900000|  0%| F|  |TAMS 0x0000000085800000, 0x0000000085800000| Untracked 
|  63|0x0000000085900000, 0x0000000085900000, 0x0000000085a00000|  0%| F|  |TAMS 0x0000000085900000, 0x0000000085900000| Untracked 
|  64|0x0000000085a00000, 0x0000000085a80000, 0x0000000085b00000| 50%| S|CS|TAMS 0x0000000085a00000, 0x0000000085a00000| Complete 
|  65|0x0000000085b00000, 0x0000000085c00000, 0x0000000085c00000|100%| S|CS|TAMS 0x0000000085b00000, 0x0000000085b00000| Complete 
|  66|0x0000000085c00000, 0x0000000085d00000, 0x0000000085d00000|100%| S|CS|TAMS 0x0000000085c00000, 0x0000000085c00000| Complete 
|  67|0x0000000085d00000, 0x0000000085e00000, 0x0000000085e00000|100%| S|CS|TAMS 0x0000000085d00000, 0x0000000085d00000| Complete 
|  68|0x0000000085e00000, 0x0000000085f00000, 0x0000000085f00000|100%| S|CS|TAMS 0x0000000085e00000, 0x0000000085e00000| Complete 
|  69|0x0000000085f00000, 0x0000000086000000, 0x0000000086000000|100%| S|CS|TAMS 0x0000000085f00000, 0x0000000085f00000| Complete 
|  70|0x0000000086000000, 0x0000000086100000, 0x0000000086100000|100%| S|CS|TAMS 0x0000000086000000, 0x0000000086000000| Complete 
|  71|0x0000000086100000, 0x0000000086200000, 0x0000000086200000|100%| S|CS|TAMS 0x0000000086100000, 0x0000000086100000| Complete 
|  72|0x0000000086200000, 0x0000000086300000, 0x0000000086300000|100%| S|CS|TAMS 0x0000000086200000, 0x0000000086200000| Complete 
|  73|0x0000000086300000, 0x0000000086400000, 0x0000000086400000|100%| S|CS|TAMS 0x0000000086300000, 0x0000000086300000| Complete 
|  74|0x0000000086400000, 0x0000000086400000, 0x0000000086500000|  0%| F|  |TAMS 0x0000000086400000, 0x0000000086400000| Untracked 
|  75|0x0000000086500000, 0x0000000086500000, 0x0000000086600000|  0%| F|  |TAMS 0x0000000086500000, 0x0000000086500000| Untracked 
|  76|0x0000000086600000, 0x0000000086600000, 0x0000000086700000|  0%| F|  |TAMS 0x0000000086600000, 0x0000000086600000| Untracked 
|  77|0x0000000086700000, 0x0000000086700000, 0x0000000086800000|  0%| F|  |TAMS 0x0000000086700000, 0x0000000086700000| Untracked 
|  78|0x0000000086800000, 0x0000000086800000, 0x0000000086900000|  0%| F|  |TAMS 0x0000000086800000, 0x0000000086800000| Untracked 
|  79|0x0000000086900000, 0x0000000086900000, 0x0000000086a00000|  0%| F|  |TAMS 0x0000000086900000, 0x0000000086900000| Untracked 
|  80|0x0000000086a00000, 0x0000000086a00000, 0x0000000086b00000|  0%| F|  |TAMS 0x0000000086a00000, 0x0000000086a00000| Untracked 
|  81|0x0000000086b00000, 0x0000000086b00000, 0x0000000086c00000|  0%| F|  |TAMS 0x0000000086b00000, 0x0000000086b00000| Untracked 
|  82|0x0000000086c00000, 0x0000000086c00000, 0x0000000086d00000|  0%| F|  |TAMS 0x0000000086c00000, 0x0000000086c00000| Untracked 
|  83|0x0000000086d00000, 0x0000000086d00000, 0x0000000086e00000|  0%| F|  |TAMS 0x0000000086d00000, 0x0000000086d00000| Untracked 
|  84|0x0000000086e00000, 0x0000000086e00000, 0x0000000086f00000|  0%| F|  |TAMS 0x0000000086e00000, 0x0000000086e00000| Untracked 
|  85|0x0000000086f00000, 0x0000000086f00000, 0x0000000087000000|  0%| F|  |TAMS 0x0000000086f00000, 0x0000000086f00000| Untracked 
|  86|0x0000000087000000, 0x0000000087000000, 0x0000000087100000|  0%| F|  |TAMS 0x0000000087000000, 0x0000000087000000| Untracked 
|  87|0x0000000087100000, 0x0000000087100000, 0x0000000087200000|  0%| F|  |TAMS 0x0000000087100000, 0x0000000087100000| Untracked 
|  88|0x0000000087200000, 0x0000000087200000, 0x0000000087300000|  0%| F|  |TAMS 0x0000000087200000, 0x0000000087200000| Untracked 
|  89|0x0000000087300000, 0x0000000087300000, 0x0000000087400000|  0%| F|  |TAMS 0x0000000087300000, 0x0000000087300000| Untracked 
|  90|0x0000000087400000, 0x0000000087400000, 0x0000000087500000|  0%| F|  |TAMS 0x0000000087400000, 0x0000000087400000| Untracked 
|  91|0x0000000087500000, 0x0000000087500000, 0x0000000087600000|  0%| F|  |TAMS 0x0000000087500000, 0x0000000087500000| Untracked 
|  92|0x0000000087600000, 0x0000000087600000, 0x0000000087700000|  0%| F|  |TAMS 0x0000000087600000, 0x0000000087600000| Untracked 
|  93|0x0000000087700000, 0x0000000087700000, 0x0000000087800000|  0%| F|  |TAMS 0x0000000087700000, 0x0000000087700000| Untracked 
|  94|0x0000000087800000, 0x0000000087800000, 0x0000000087900000|  0%| F|  |TAMS 0x0000000087800000, 0x0000000087800000| Untracked 
|  95|0x0000000087900000, 0x0000000087900000, 0x0000000087a00000|  0%| F|  |TAMS 0x0000000087900000, 0x0000000087900000| Untracked 
|  96|0x0000000087a00000, 0x0000000087a00000, 0x0000000087b00000|  0%| F|  |TAMS 0x0000000087a00000, 0x0000000087a00000| Untracked 
|  97|0x0000000087b00000, 0x0000000087b00000, 0x0000000087c00000|  0%| F|  |TAMS 0x0000000087b00000, 0x0000000087b00000| Untracked 
|  98|0x0000000087c00000, 0x0000000087c00000, 0x0000000087d00000|  0%| F|  |TAMS 0x0000000087c00000, 0x0000000087c00000| Untracked 
|  99|0x0000000087d00000, 0x0000000087d00000, 0x0000000087e00000|  0%| F|  |TAMS 0x0000000087d00000, 0x0000000087d00000| Untracked 
| 100|0x0000000087e00000, 0x0000000087e00000, 0x0000000087f00000|  0%| F|  |TAMS 0x0000000087e00000, 0x0000000087e00000| Untracked 
| 101|0x0000000087f00000, 0x0000000087f00000, 0x0000000088000000|  0%| F|  |TAMS 0x0000000087f00000, 0x0000000087f00000| Untracked 
| 102|0x0000000088000000, 0x0000000088000000, 0x0000000088100000|  0%| F|  |TAMS 0x0000000088000000, 0x0000000088000000| Untracked 
| 103|0x0000000088100000, 0x0000000088100000, 0x0000000088200000|  0%| F|  |TAMS 0x0000000088100000, 0x0000000088100000| Untracked 
| 104|0x0000000088200000, 0x0000000088200000, 0x0000000088300000|  0%| F|  |TAMS 0x0000000088200000, 0x0000000088200000| Untracked 
| 105|0x0000000088300000, 0x0000000088300000, 0x0000000088400000|  0%| F|  |TAMS 0x0000000088300000, 0x0000000088300000| Untracked 
| 106|0x0000000088400000, 0x0000000088400000, 0x0000000088500000|  0%| F|  |TAMS 0x0000000088400000, 0x0000000088400000| Untracked 
| 107|0x0000000088500000, 0x0000000088500000, 0x0000000088600000|  0%| F|  |TAMS 0x0000000088500000, 0x0000000088500000| Untracked 
| 108|0x0000000088600000, 0x0000000088600000, 0x0000000088700000|  0%| F|  |TAMS 0x0000000088600000, 0x0000000088600000| Untracked 
| 109|0x0000000088700000, 0x0000000088700000, 0x0000000088800000|  0%| F|  |TAMS 0x0000000088700000, 0x0000000088700000| Untracked 
| 110|0x0000000088800000, 0x0000000088800000, 0x0000000088900000|  0%| F|  |TAMS 0x0000000088800000, 0x0000000088800000| Untracked 
| 111|0x0000000088900000, 0x0000000088900000, 0x0000000088a00000|  0%| F|  |TAMS 0x0000000088900000, 0x0000000088900000| Untracked 
| 112|0x0000000088a00000, 0x0000000088a00000, 0x0000000088b00000|  0%| F|  |TAMS 0x0000000088a00000, 0x0000000088a00000| Untracked 
| 113|0x0000000088b00000, 0x0000000088b00000, 0x0000000088c00000|  0%| F|  |TAMS 0x0000000088b00000, 0x0000000088b00000| Untracked 
| 114|0x0000000088c00000, 0x0000000088c00000, 0x0000000088d00000|  0%| F|  |TAMS 0x0000000088c00000, 0x0000000088c00000| Untracked 
| 115|0x0000000088d00000, 0x0000000088d00000, 0x0000000088e00000|  0%| F|  |TAMS 0x0000000088d00000, 0x0000000088d00000| Untracked 
| 116|0x0000000088e00000, 0x0000000088e00000, 0x0000000088f00000|  0%| F|  |TAMS 0x0000000088e00000, 0x0000000088e00000| Untracked 
| 117|0x0000000088f00000, 0x0000000088f00000, 0x0000000089000000|  0%| F|  |TAMS 0x0000000088f00000, 0x0000000088f00000| Untracked 
| 118|0x0000000089000000, 0x0000000089000000, 0x0000000089100000|  0%| F|  |TAMS 0x0000000089000000, 0x0000000089000000| Untracked 
| 119|0x0000000089100000, 0x0000000089100000, 0x0000000089200000|  0%| F|  |TAMS 0x0000000089100000, 0x0000000089100000| Untracked 
| 120|0x0000000089200000, 0x0000000089200000, 0x0000000089300000|  0%| F|  |TAMS 0x0000000089200000, 0x0000000089200000| Untracked 
| 121|0x0000000089300000, 0x0000000089300000, 0x0000000089400000|  0%| F|  |TAMS 0x0000000089300000, 0x0000000089300000| Untracked 
| 122|0x0000000089400000, 0x0000000089400000, 0x0000000089500000|  0%| F|  |TAMS 0x0000000089400000, 0x0000000089400000| Untracked 
| 123|0x0000000089500000, 0x0000000089500000, 0x0000000089600000|  0%| F|  |TAMS 0x0000000089500000, 0x0000000089500000| Untracked 
| 124|0x0000000089600000, 0x0000000089600000, 0x0000000089700000|  0%| F|  |TAMS 0x0000000089600000, 0x0000000089600000| Untracked 
| 125|0x0000000089700000, 0x0000000089700000, 0x0000000089800000|  0%| F|  |TAMS 0x0000000089700000, 0x0000000089700000| Untracked 
| 126|0x0000000089800000, 0x0000000089800000, 0x0000000089900000|  0%| F|  |TAMS 0x0000000089800000, 0x0000000089800000| Untracked 
| 127|0x0000000089900000, 0x0000000089900000, 0x0000000089a00000|  0%| F|  |TAMS 0x0000000089900000, 0x0000000089900000| Untracked 
| 128|0x0000000089a00000, 0x0000000089a00000, 0x0000000089b00000|  0%| F|  |TAMS 0x0000000089a00000, 0x0000000089a00000| Untracked 
| 129|0x0000000089b00000, 0x0000000089b00000, 0x0000000089c00000|  0%| F|  |TAMS 0x0000000089b00000, 0x0000000089b00000| Untracked 
| 130|0x0000000089c00000, 0x0000000089c00000, 0x0000000089d00000|  0%| F|  |TAMS 0x0000000089c00000, 0x0000000089c00000| Untracked 
| 131|0x0000000089d00000, 0x0000000089d00000, 0x0000000089e00000|  0%| F|  |TAMS 0x0000000089d00000, 0x0000000089d00000| Untracked 
| 132|0x0000000089e00000, 0x0000000089e00000, 0x0000000089f00000|  0%| F|  |TAMS 0x0000000089e00000, 0x0000000089e00000| Untracked 
| 133|0x0000000089f00000, 0x0000000089f00000, 0x000000008a000000|  0%| F|  |TAMS 0x0000000089f00000, 0x0000000089f00000| Untracked 
| 134|0x000000008a000000, 0x000000008a000000, 0x000000008a100000|  0%| F|  |TAMS 0x000000008a000000, 0x000000008a000000| Untracked 
| 135|0x000000008a100000, 0x000000008a100000, 0x000000008a200000|  0%| F|  |TAMS 0x000000008a100000, 0x000000008a100000| Untracked 
| 136|0x000000008a200000, 0x000000008a200000, 0x000000008a300000|  0%| F|  |TAMS 0x000000008a200000, 0x000000008a200000| Untracked 
| 137|0x000000008a300000, 0x000000008a300000, 0x000000008a400000|  0%| F|  |TAMS 0x000000008a300000, 0x000000008a300000| Untracked 
| 138|0x000000008a400000, 0x000000008a400000, 0x000000008a500000|  0%| F|  |TAMS 0x000000008a400000, 0x000000008a400000| Untracked 
| 139|0x000000008a500000, 0x000000008a500000, 0x000000008a600000|  0%| F|  |TAMS 0x000000008a500000, 0x000000008a500000| Untracked 
| 140|0x000000008a600000, 0x000000008a600000, 0x000000008a700000|  0%| F|  |TAMS 0x000000008a600000, 0x000000008a600000| Untracked 
| 141|0x000000008a700000, 0x000000008a700000, 0x000000008a800000|  0%| F|  |TAMS 0x000000008a700000, 0x000000008a700000| Untracked 
| 142|0x000000008a800000, 0x000000008a800000, 0x000000008a900000|  0%| F|  |TAMS 0x000000008a800000, 0x000000008a800000| Untracked 
| 143|0x000000008a900000, 0x000000008a900000, 0x000000008aa00000|  0%| F|  |TAMS 0x000000008a900000, 0x000000008a900000| Untracked 
| 144|0x000000008aa00000, 0x000000008aa00000, 0x000000008ab00000|  0%| F|  |TAMS 0x000000008aa00000, 0x000000008aa00000| Untracked 
| 145|0x000000008ab00000, 0x000000008ab00000, 0x000000008ac00000|  0%| F|  |TAMS 0x000000008ab00000, 0x000000008ab00000| Untracked 
| 146|0x000000008ac00000, 0x000000008ac00000, 0x000000008ad00000|  0%| F|  |TAMS 0x000000008ac00000, 0x000000008ac00000| Untracked 
| 147|0x000000008ad00000, 0x000000008ad00000, 0x000000008ae00000|  0%| F|  |TAMS 0x000000008ad00000, 0x000000008ad00000| Untracked 
| 148|0x000000008ae00000, 0x000000008ae00000, 0x000000008af00000|  0%| F|  |TAMS 0x000000008ae00000, 0x000000008ae00000| Untracked 
| 149|0x000000008af00000, 0x000000008af00000, 0x000000008b000000|  0%| F|  |TAMS 0x000000008af00000, 0x000000008af00000| Untracked 
| 150|0x000000008b000000, 0x000000008b000000, 0x000000008b100000|  0%| F|  |TAMS 0x000000008b000000, 0x000000008b000000| Untracked 
| 151|0x000000008b100000, 0x000000008b100000, 0x000000008b200000|  0%| F|  |TAMS 0x000000008b100000, 0x000000008b100000| Untracked 
| 152|0x000000008b200000, 0x000000008b200000, 0x000000008b300000|  0%| F|  |TAMS 0x000000008b200000, 0x000000008b200000| Untracked 
| 153|0x000000008b300000, 0x000000008b300000, 0x000000008b400000|  0%| F|  |TAMS 0x000000008b300000, 0x000000008b300000| Untracked 

Card table byte_map: [0x000002677a820000,0x000002677ac20000] _byte_map_base: 0x000002677a413000

Marking Bits (Prev, Next): (CMBitMap*) 0x000002677a3954f8, (CMBitMap*) 0x000002677a395530
 Prev Bits: [0x000002677b020000, 0x000002677cfb8000)
 Next Bits: [0x000002677cfc0000, 0x000002677ef58000)

Polling page: 0x00000267782c0000

Metaspace:

Usage:
  Non-class:     48.02 MB capacity,    47.15 MB ( 98%) used,   712.75 KB (  1%) free+waste,   179.25 KB ( <1%) overhead. 
      Class:      7.49 MB capacity,     6.90 MB ( 92%) used,   509.88 KB (  7%) free+waste,    86.00 KB (  1%) overhead. 
       Both:     55.51 MB capacity,    54.06 MB ( 97%) used,     1.19 MB (  2%) free+waste,   265.25 KB ( <1%) overhead. 

Virtual space:
  Non-class space:       50.00 MB reserved,      48.17 MB ( 96%) committed 
      Class space:        1.00 GB reserved,       7.50 MB ( <1%) committed 
             Both:        1.05 GB reserved,      55.67 MB (  5%) committed 

Chunk freelists:
   Non-Class:  3.00 KB
       Class:  1.88 KB
        Both:  4.88 KB

CodeHeap 'non-profiled nmethods': size=238912Kb used=8762Kb max_used=8762Kb free=230150Kb
 bounds [0x0000026708940000, 0x00000267091d0000, 0x0000026717290000]
CodeHeap 'non-nmethods': size=6848Kb used=1224Kb max_used=1224Kb free=5623Kb
 bounds [0x0000026708290000, 0x0000026708500000, 0x0000026708940000]
 total_blobs=5946 nmethods=5325 adapters=510
 compilation: enabled
              stopped_count=0, restarted_count=0
 full_count=0

Compilation events (10 events):
Event: 9.507 Thread 0x000002677f47e800 5341       1       org.springframework.data.jpa.repository.support.CrudMethodMetadataPostProcessor$CrudMethodMetadataPopulatingMethodInterceptor$$Lambda$848/0x0000000100733440::matches (9 bytes)
Event: 9.507 Thread 0x000002677f47e800 nmethod 5341 0x00000267091cd390 code [0x00000267091cd540, 0x00000267091cd6b0]
Event: 9.507 Thread 0x000002677f47e800 5342       1       org.springframework.data.jpa.repository.support.CrudMethodMetadataPostProcessor$CrudMethodMetadataPopulatingMethodInterceptor::lambda$new$0 (16 bytes)
Event: 9.507 Thread 0x000002677f47e800 nmethod 5342 0x00000267091cd790 code [0x00000267091cd940, 0x00000267091cda70]
Event: 9.507 Thread 0x000002677f47e800 5343       1       org.springframework.data.repository.core.support.DefaultRepositoryInformation::isQueryMethod (21 bytes)
Event: 9.508 Thread 0x000002677f47e800 nmethod 5343 0x00000267091cdb10 code [0x00000267091cdce0, 0x00000267091cdf30]
Event: 9.508 Thread 0x000002677f47e800 5344       1       org.springframework.data.repository.core.support.DefaultRepositoryInformation$$Lambda$850/0x0000000100732c40::get$Lambda (9 bytes)
Event: 9.508 Thread 0x000002677f47e800 nmethod 5344 0x00000267091ce090 code [0x00000267091ce240, 0x00000267091ce3d8]
Event: 9.508 Thread 0x000002677f47e800 5345       1       org.springframework.data.repository.core.support.DefaultRepositoryInformation$$Lambda$850/0x0000000100732c40::<init> (10 bytes)
Event: 9.508 Thread 0x000002677f47e800 nmethod 5345 0x00000267091ce490 code [0x00000267091ce640, 0x00000267091ce798]

GC Heap History (10 events):
Event: 3.837 GC heap after
{Heap after GC invocations=7 (full 0):
 garbage-first heap   total 131072K, used 12205K [0x0000000081a00000, 0x0000000100000000)
  region size 1024K, 5 young (5120K), 5 survivors (5120K)
 Metaspace       used 21944K, capacity 22664K, committed 22960K, reserved 1069056K
  class space    used 2543K, capacity 2810K, committed 2816K, reserved 1048576K
}
Event: 4.688 GC heap before
{Heap before GC invocations=7 (full 0):
 garbage-first heap   total 131072K, used 84909K [0x0000000081a00000, 0x0000000100000000)
  region size 1024K, 76 young (77824K), 5 survivors (5120K)
 Metaspace       used 24233K, capacity 25065K, committed 25136K, reserved 1071104K
  class space    used 2881K, capacity 3200K, committed 3200K, reserved 1048576K
}
Event: 4.699 GC heap after
{Heap after GC invocations=8 (full 0):
 garbage-first heap   total 157696K, used 13354K [0x0000000081a00000, 0x0000000100000000)
  region size 1024K, 6 young (6144K), 6 survivors (6144K)
 Metaspace       used 24233K, capacity 25065K, committed 25136K, reserved 1071104K
  class space    used 2881K, capacity 3200K, committed 3200K, reserved 1048576K
}
Event: 5.915 GC heap before
{Heap before GC invocations=8 (full 0):
 garbage-first heap   total 157696K, used 100394K [0x0000000081a00000, 0x0000000100000000)
  region size 1024K, 92 young (94208K), 6 survivors (6144K)
 Metaspace       used 30855K, capacity 31857K, committed 32048K, reserved 1077248K
  class space    used 3737K, capacity 4115K, committed 4224K, reserved 1048576K
}
Event: 5.927 GC heap after
{Heap after GC invocations=9 (full 0):
 garbage-first heap   total 157696K, used 17007K [0x0000000081a00000, 0x0000000100000000)
  region size 1024K, 9 young (9216K), 9 survivors (9216K)
 Metaspace       used 30855K, capacity 31857K, committed 32048K, reserved 1077248K
  class space    used 3737K, capacity 4115K, committed 4224K, reserved 1048576K
}
Event: 6.584 GC heap before
{Heap before GC invocations=9 (full 0):
 garbage-first heap   total 157696K, used 95855K [0x0000000081a00000, 0x0000000100000000)
  region size 1024K, 88 young (90112K), 9 survivors (9216K)
 Metaspace       used 34762K, capacity 35785K, committed 35888K, reserved 1081344K
  class space    used 4197K, capacity 4636K, committed 4736K, reserved 1048576K
}
Event: 6.606 GC heap after
{Heap after GC invocations=10 (full 0):
 garbage-first heap   total 157696K, used 18761K [0x0000000081a00000, 0x0000000100000000)
  region size 1024K, 8 young (8192K), 8 survivors (8192K)
 Metaspace       used 34762K, capacity 35785K, committed 35888K, reserved 1081344K
  class space    used 4197K, capacity 4636K, committed 4736K, reserved 1048576K
}
Event: 7.947 GC heap before
{Heap before GC invocations=11 (full 0):
 garbage-first heap   total 157696K, used 104777K [0x0000000081a00000, 0x0000000100000000)
  region size 1024K, 92 young (94208K), 8 survivors (8192K)
 Metaspace       used 47021K, capacity 48316K, committed 48560K, reserved 1091584K
  class space    used 5878K, capacity 6366K, committed 6400K, reserved 1048576K
}
Event: 7.966 GC heap after
{Heap after GC invocations=12 (full 0):
 garbage-first heap   total 157696K, used 24996K [0x0000000081a00000, 0x0000000100000000)
  region size 1024K, 12 young (12288K), 12 survivors (12288K)
 Metaspace       used 47021K, capacity 48316K, committed 48560K, reserved 1091584K
  class space    used 5878K, capacity 6366K, committed 6400K, reserved 1048576K
}
Event: 9.518 GC heap before
{Heap before GC invocations=12 (full 0):
 garbage-first heap   total 157696K, used 106916K [0x0000000081a00000, 0x0000000100000000)
  region size 1024K, 92 young (94208K), 12 survivors (12288K)
 Metaspace       used 55353K, capacity 56841K, committed 57008K, reserved 1099776K
  class space    used 7069K, capacity 7665K, committed 7680K, reserved 1048576K
}

Deoptimization events (0 events):
No events

Classes redefined (0 events):
No events

Internal exceptions (10 events):
Event: 9.202 Thread 0x000002671ce1b800 Exception <a 'java/lang/NoSuchMethodError'{0x00000000879f9eb0}: org.apache.poi.util.IOUtils.copy(Ljava/io/InputStream;Ljava/io/OutputStream;)V> (0x00000000879f9eb0) thrown at [t:/workspace/open/src/hotspot/share/interpreter/linkResolver.cpp, line 772]
Event: 9.203 Thread 0x000002671ce1b800 Exception <a 'java/lang/reflect/InvocationTargetException'{0x00000000879fa428}> (0x00000000879fa428) thrown at [t:/workspace/open/src/hotspot/share/runtime/reflection.cpp, line 1242]
Event: 9.229 Thread 0x0000026719e12800 Exception <a 'java/lang/ClassNotFoundException'{0x00000000874725c0}: java/lang/ObjectCustomizer> (0x00000000874725c0) thrown at [t:/workspace/open/src/hotspot/share/classfile/systemDictionary.cpp, line 231]
Event: 9.231 Thread 0x0000026719e12800 Exception <a 'java/lang/ClassNotFoundException'{0x00000000873091c8}: com/expenses2/demo/model/telecomexpense/ServiceCurrentStatusCustomizer> (0x00000000873091c8) thrown at [t:/workspace/open/src/hotspot/share/classfile/systemDictionary.cpp, line 231]
Event: 9.406 Thread 0x0000026719e12800 Exception <a 'java/lang/ClassNotFoundException'{0x0000000086d00c00}: java/lang/ObjectCustomizer> (0x0000000086d00c00) thrown at [t:/workspace/open/src/hotspot/share/classfile/systemDictionary.cpp, line 231]
Event: 9.410 Thread 0x0000026719e12800 Exception <a 'java/lang/ClassNotFoundException'{0x0000000086d168e8}: com/expenses2/demo/model/telecomexpense/ServicetypesCustomizer> (0x0000000086d168e8) thrown at [t:/workspace/open/src/hotspot/share/classfile/systemDictionary.cpp, line 231]
Event: 9.452 Thread 0x0000026719e12800 Exception <a 'java/lang/ClassNotFoundException'{0x0000000086af5260}: java/lang/ObjectCustomizer> (0x0000000086af5260) thrown at [t:/workspace/open/src/hotspot/share/classfile/systemDictionary.cpp, line 231]
Event: 9.454 Thread 0x0000026719e12800 Exception <a 'java/lang/ClassNotFoundException'{0x0000000086971088}: com/expenses2/demo/model/telecomexpense/ExpenseCustomizer> (0x0000000086971088) thrown at [t:/workspace/open/src/hotspot/share/classfile/systemDictionary.cpp, line 231]
Event: 9.493 Thread 0x0000026719e12800 Exception <a 'java/lang/ClassNotFoundException'{0x0000000086699b90}: java/lang/ObjectCustomizer> (0x0000000086699b90) thrown at [t:/workspace/open/src/hotspot/share/classfile/systemDictionary.cpp, line 231]
Event: 9.495 Thread 0x0000026719e12800 Exception <a 'java/lang/ClassNotFoundException'{0x00000000866aee98}: com/expenses2/demo/model/telecomexpense/EmployeeCustomizer> (0x00000000866aee98) thrown at [t:/workspace/open/src/hotspot/share/classfile/systemDictionary.cpp, line 231]

Events (10 events):
Event: 9.493 loading class java/lang/ObjectCustomizer done
Event: 9.493 loading class java/lang/ObjectCustomizer
Event: 9.493 loading class java/lang/ObjectCustomizer done
Event: 9.494 loading class com/expenses2/demo/model/telecomexpense/EmployeeCustomizer
Event: 9.494 loading class com/expenses2/demo/model/telecomexpense/EmployeeCustomizer done
Event: 9.495 loading class com/expenses2/demo/model/telecomexpense/EmployeeCustomizer
Event: 9.495 loading class com/expenses2/demo/model/telecomexpense/EmployeeCustomizer done
Event: 9.495 loading class com/expenses2/demo/model/telecomexpense/EmployeeCustomizer
Event: 9.495 loading class com/expenses2/demo/model/telecomexpense/EmployeeCustomizer done
Event: 9.517 Executing VM operation: G1CollectForAllocation


Dynamic libraries:
0x00007ff7db320000 - 0x00007ff7db367000 	C:\Program Files\Java\jdk-11.0.5\bin\java.exe
0x00007ffdfec80000 - 0x00007ffdfee61000 	C:\WINDOWS\SYSTEM32\ntdll.dll
0x00007ffdfc6c0000 - 0x00007ffdfc771000 	C:\WINDOWS\System32\KERNEL32.DLL
0x00007ffdfbaf0000 - 0x00007ffdfbd63000 	C:\WINDOWS\System32\KERNELBASE.dll
0x00007ffdfe850000 - 0x00007ffdfe8f1000 	C:\WINDOWS\System32\ADVAPI32.dll
0x00007ffdfc490000 - 0x00007ffdfc52e000 	C:\WINDOWS\System32\msvcrt.dll
0x00007ffdfe170000 - 0x00007ffdfe1cb000 	C:\WINDOWS\System32\sechost.dll
0x00007ffdfeb20000 - 0x00007ffdfec44000 	C:\WINDOWS\System32\RPCRT4.dll
0x00007ffdfe960000 - 0x00007ffdfeaf0000 	C:\WINDOWS\System32\USER32.dll
0x00007ffdfbe40000 - 0x00007ffdfbe60000 	C:\WINDOWS\System32\win32u.dll
0x00007ffdfc690000 - 0x00007ffdfc6b8000 	C:\WINDOWS\System32\GDI32.dll
0x00007ffdfbe60000 - 0x00007ffdfbff2000 	C:\WINDOWS\System32\gdi32full.dll
0x00007ffdfba50000 - 0x00007ffdfbaef000 	C:\WINDOWS\System32\msvcp_win.dll
0x00007ffdfb230000 - 0x00007ffdfb328000 	C:\WINDOWS\System32\ucrtbase.dll
0x00007ffded140000 - 0x00007ffded3a9000 	C:\WINDOWS\WinSxS\amd64_microsoft.windows.common-controls_6595b64144ccf1df_6.0.17134.1550_none_d40142657c8ef2c1\COMCTL32.dll
0x00007ffdfdc70000 - 0x00007ffdfdf90000 	C:\WINDOWS\System32\combase.dll
0x00007ffdfbdc0000 - 0x00007ffdfbe39000 	C:\WINDOWS\System32\bcryptPrimitives.dll
0x00007ffdec010000 - 0x00007ffdec01a000 	C:\WINDOWS\SYSTEM32\VERSION.dll
0x00007ffdfeaf0000 - 0x00007ffdfeb1d000 	C:\WINDOWS\System32\IMM32.DLL
0x00007ffdef290000 - 0x00007ffdef2a6000 	C:\Program Files\Java\jdk-11.0.5\bin\vcruntime140.dll
0x00007ffde2b60000 - 0x00007ffde2c0a000 	C:\Program Files\Java\jdk-11.0.5\bin\msvcp140.dll
0x00007ffdcb060000 - 0x00007ffdcbb88000 	C:\Program Files\Java\jdk-11.0.5\bin\server\jvm.dll
0x00007ffdfe270000 - 0x00007ffdfe278000 	C:\WINDOWS\System32\PSAPI.DLL
0x00007ffddd680000 - 0x00007ffddd689000 	C:\WINDOWS\SYSTEM32\WSOCK32.dll
0x00007ffdfc530000 - 0x00007ffdfc59c000 	C:\WINDOWS\System32\WS2_32.dll
0x00007ffdf7af0000 - 0x00007ffdf7b13000 	C:\WINDOWS\SYSTEM32\WINMM.dll
0x00007ffdf7ac0000 - 0x00007ffdf7aea000 	C:\WINDOWS\SYSTEM32\WINMMBASE.dll
0x00007ffdfbd70000 - 0x00007ffdfbdb9000 	C:\WINDOWS\System32\cfgmgr32.dll
0x00007ffdfb000000 - 0x00007ffdfb011000 	C:\WINDOWS\System32\kernel.appcore.dll
0x00007ffdef1e0000 - 0x00007ffdef1f1000 	C:\Program Files\Java\jdk-11.0.5\bin\verify.dll
0x00007ffdd7930000 - 0x00007ffdd7af9000 	C:\WINDOWS\SYSTEM32\DBGHELP.DLL
0x00007ffdedb80000 - 0x00007ffdedba9000 	C:\WINDOWS\SYSTEM32\dbgcore.DLL
0x00007ffde75e0000 - 0x00007ffde7609000 	C:\Program Files\Java\jdk-11.0.5\bin\java.dll
0x00007ffde7220000 - 0x00007ffde724f000 	C:\Program Files\Java\jdk-11.0.5\bin\instrument.dll
0x00007ffde7670000 - 0x00007ffde7686000 	C:\Program Files\Java\jdk-11.0.5\bin\zip.dll
0x00007ffdef4c0000 - 0x00007ffdef4ca000 	C:\Program Files\Java\jdk-11.0.5\bin\jimage.dll
0x00007ffdfc800000 - 0x00007ffdfdc45000 	C:\WINDOWS\System32\SHELL32.dll
0x00007ffdfe0c0000 - 0x00007ffdfe169000 	C:\WINDOWS\System32\shcore.dll
0x00007ffdfb330000 - 0x00007ffdfba41000 	C:\WINDOWS\System32\windows.storage.dll
0x00007ffdfe060000 - 0x00007ffdfe0b1000 	C:\WINDOWS\System32\shlwapi.dll
0x00007ffdfb020000 - 0x00007ffdfb03f000 	C:\WINDOWS\System32\profapi.dll
0x00007ffdfaf80000 - 0x00007ffdfafcc000 	C:\WINDOWS\System32\powrprof.dll
0x00007ffdfafd0000 - 0x00007ffdfafda000 	C:\WINDOWS\System32\FLTLIB.DLL
0x00007ffde7200000 - 0x00007ffde7219000 	C:\Program Files\Java\jdk-11.0.5\bin\net.dll
0x00007ffdf4fb0000 - 0x00007ffdf508d000 	C:\WINDOWS\SYSTEM32\WINHTTP.dll
0x00007ffdfa7b0000 - 0x00007ffdfa816000 	C:\WINDOWS\system32\mswsock.dll
0x00007ffde71e0000 - 0x00007ffde71f3000 	C:\Program Files\Java\jdk-11.0.5\bin\nio.dll
0x00007ffde47e0000 - 0x00007ffde47fa000 	C:\Program Files\JetBrains\IntelliJ IDEA 2019.3.3\bin\breakgen64.dll
0x00007ffdef3a0000 - 0x00007ffdef3a9000 	C:\Program Files\Java\jdk-11.0.5\bin\management.dll
0x00007ffdeefb0000 - 0x00007ffdeefbc000 	C:\Program Files\Java\jdk-11.0.5\bin\management_ext.dll
0x00007ffdec750000 - 0x00007ffdec766000 	C:\WINDOWS\system32\napinsp.dll
0x00007ffdec730000 - 0x00007ffdec74a000 	C:\WINDOWS\system32\pnrpnsp.dll
0x00007ffdf7570000 - 0x00007ffdf7589000 	C:\WINDOWS\system32\NLAapi.dll
0x00007ffdfa550000 - 0x00007ffdfa60f000 	C:\WINDOWS\SYSTEM32\DNSAPI.dll
0x00007ffdfc790000 - 0x00007ffdfc798000 	C:\WINDOWS\System32\NSI.dll
0x00007ffdfa510000 - 0x00007ffdfa548000 	C:\WINDOWS\SYSTEM32\IPHLPAPI.DLL
0x00007ffdec990000 - 0x00007ffdec99e000 	C:\WINDOWS\System32\winrnr.dll
0x00007ffdee420000 - 0x00007ffdee42a000 	C:\Windows\System32\rasadhlp.dll
0x00007ffdef7f0000 - 0x00007ffdef862000 	C:\WINDOWS\System32\fwpuclnt.dll
0x00007ffdfacc0000 - 0x00007ffdface5000 	C:\WINDOWS\SYSTEM32\bcrypt.dll
0x00007ffdfacf0000 - 0x00007ffdfad07000 	C:\WINDOWS\SYSTEM32\CRYPTSP.dll
0x00007ffdfa310000 - 0x00007ffdfa343000 	C:\WINDOWS\system32\rsaenh.dll
0x00007ffdfaeb0000 - 0x00007ffdfaed8000 	C:\WINDOWS\SYSTEM32\USERENV.dll
0x00007ffdfa910000 - 0x00007ffdfa91b000 	C:\WINDOWS\SYSTEM32\CRYPTBASE.dll
0x00007ffdf31e0000 - 0x00007ffdf31f6000 	C:\WINDOWS\SYSTEM32\dhcpcsvc6.DLL
0x00007ffdf31c0000 - 0x00007ffdf31da000 	C:\WINDOWS\SYSTEM32\dhcpcsvc.DLL

dbghelp: loaded successfully - version: 4.0.5 - missing functions: none
symbol engine: initialized successfully - sym options: 0x614 - pdb path: .;C:\Program Files\Java\jdk-11.0.5\bin;C:\WINDOWS\SYSTEM32;C:\WINDOWS\WinSxS\amd64_microsoft.windows.common-controls_6595b64144ccf1df_6.0.17134.1550_none_d40142657c8ef2c1;C:\Program Files\Java\jdk-11.0.5\bin\server;C:\Program Files\JetBrains\IntelliJ IDEA 2019.3.3\bin

VM Arguments:
jvm_args: -XX:TieredStopAtLevel=1 -Xverify:none -Dspring.output.ansi.enabled=always -javaagent:C:\Program Files\JetBrains\IntelliJ IDEA 2019.3.3\lib\idea_rt.jar=10675:C:\Program Files\JetBrains\IntelliJ IDEA 2019.3.3\bin -Dfile.encoding=UTF-8 
java_command: Expense2Application
java_class_path (initial): C:\Users\admin\Documents\workspace\expense2-uploadfile\target\classes;C:\Users\admin\Downloads\validation-api-2.0.0.Final.jar;C:\Users\admin\Downloads\jar_files (26)\thymeleaf-spring5-3.0.10.RELEASE.jar;C:\Users\admin\Downloads\jar_files (26)\attoparser-2.0.5.RELEASE.jar;C:\Users\admin\Downloads\jar_files (26)\thymeleaf-3.0.10.RELEASE.jar;C:\Users\admin\Downloads\jar_files (26)\slf4j-api-1.7.25.jar;C:\Users\admin\.m2\repository\org\springframework\boot\spring-boot-starter-data-jpa\2.3.1.RELEASE\spring-boot-starter-data-jpa-2.3.1.RELEASE.jar;C:\Users\admin\.m2\repository\org\springframework\boot\spring-boot-starter-aop\2.3.1.RELEASE\spring-boot-starter-aop-2.3.1.RELEASE.jar;C:\Users\admin\.m2\repository\org\springframework\spring-aop\5.2.7.RELEASE\spring-aop-5.2.7.RELEASE.jar;C:\Users\admin\.m2\repository\org\aspectj\aspectjweaver\1.9.5\aspectjweaver-1.9.5.jar;C:\Users\admin\.m2\repository\org\springframework\boot\spring-boot-starter-jdbc\2.3.1.RELEASE\spring-boot-starter-jdbc-2.3.1.RELEASE.jar;C:\Users\admin\.m2\repository\com\zaxxer\HikariCP\3.4.5\HikariCP-3.4.5.jar;C:\Users\admin\.m2\repository\org\springframework\spring-jdbc\5.2.7.RELEASE\spring-jdbc-5.2.7.RELEASE.jar;C:\Users\admin\.m2\repository\jakarta\transaction\jakarta.transaction-api\1.3.3\jakarta.transaction-api-1.3.3.jar;C:\Users\admin\.m2\repository\jakarta\persistence\jakarta.persistence-api\2.2.3\jakarta.persistence-api-2.2.3.jar;C:\Users\admin\.m2\repository\org\hibernate\hibernate-core\5.4.17.Final\hibernate-core-5.4.17.Final.jar;C:\Users\admin\.m2\repository\org\jboss\logging\jboss-logging\3.4.1.Final\jboss-logging-3.4.1.Final.jar;C:\Users\admin\.m2\repository\org\javassist\javassist\3.24.0-GA\javassist-3.24.0-GA.jar;C:\Users\admin\.m2\repository\net\bytebuddy\byte-buddy\1.10.11\byte-buddy-1.10.11.jar;C:\Users\admin\.m2\repository\antlr\antlr\2.7.7\antlr-2.7.7.jar;C:\Users\admin\.m2\repository\org\jboss\jandex\2.1.3.Final\jandex-2.1.3.Final.jar;C:\Users\admin\.m2\reposi
Launcher Type: SUN_STANDARD

[Global flags]
     bool BytecodeVerificationLocal                = false                                     {product} {command line}
     bool BytecodeVerificationRemote               = false                                     {product} {command line}
     intx CICompilerCount                          = 3                                         {product} {ergonomic}
     uint ConcGCThreads                            = 1                                         {product} {ergonomic}
     uint G1ConcRefinementThreads                  = 4                                         {product} {ergonomic}
   size_t G1HeapRegionSize                         = 1048576                                   {product} {ergonomic}
    uintx GCDrainStackTargetSize                   = 64                                        {product} {ergonomic}
   size_t InitialHeapSize                          = 134217728                                 {product} {ergonomic}
   size_t MarkStackSize                            = 4194304                                   {product} {ergonomic}
   size_t MaxHeapSize                              = 2120220672                                {product} {ergonomic}
   size_t MaxNewSize                               = 1271922688                                {product} {ergonomic}
   size_t MinHeapDeltaBytes                        = 1048576                                   {product} {ergonomic}
    uintx NonNMethodCodeHeapSize                   = 6973028                                {pd product} {ergonomic}
    uintx NonProfiledCodeHeapSize                  = 244685212                              {pd product} {ergonomic}
    uintx ProfiledCodeHeapSize                     = 0                                      {pd product} {ergonomic}
    uintx ReservedCodeCacheSize                    = 251658240                              {pd product} {ergonomic}
     bool SegmentedCodeCache                       = true                                      {product} {ergonomic}
     intx TieredStopAtLevel                        = 1                                         {product} {command line}
     bool UseCompressedClassPointers               = true                                 {lp64_product} {ergonomic}
     bool UseCompressedOops                        = true                                 {lp64_product} {ergonomic}
     bool UseG1GC                                  = true                                      {product} {ergonomic}
     bool UseLargePagesIndividualAllocation        = false                                  {pd product} {ergonomic}

Logging:
Log output configuration:
 #0: stdout all=warning uptime,level,tags
 #1: stderr all=off uptime,level,tags

Environment Variables:
JAVA_HOME=C:\Program Files\Java\jdk1.8.0_201
PATH=C:\Program Files (x86)\Common Files\Oracle\Java\javapath;E:\app\admin\product\11.2.0\dbhome_1\bin;C:\ProgramData\Oracle\Java\javapath;C:\WINDOWS\system32;C:\WINDOWS;C:\WINDOWS\System32\Wbem;C:\WINDOWS\System32\WindowsPowerShell\v1.0\;C:\Program Files\dotnet\;C:\WINDOWS\system32\config\systemprofile\.dnx\bin;C:\Program Files\Microsoft DNX\Dnvm\;C:\Program Files\squishcoco;C:\Program Files (x86)\GnuWin32\bin;C:\Program Files\Java\jdk1.8.0_25\bin;JAVA_HOME;C:\WINDOWS\System32\OpenSSH\;C:\Program Files\Java\jdk1.8.0_25;C:\Users\admin\Downloads\Compressed\apache-maven-3.6.0-bin\apache-maven-3.6.0\bin;C:\Program Files\PuTTY\;C:\Users\admin\Documents\GitHub\osmosis-latest\bin;C:\PostgreSQL\pg11\bin;C:\Gradle\gradle-5.4.1\bin;C:\Program Files\nodejs\;C:\Users\admin\AppData\Local\Microsoft\WindowsApps;C:\Users\admin\AppData\Local\GitHubDesktop\bin;ANDROID_HOME;C:\Program Files\Java\jdk1.8.0_201\bin;C:\Users\admin\AppData\Roaming\npm;C:\maven\apache-maven-3.6.3-bin\apache-maven-3.6.3\bin;
USERNAME=admin
OS=Windows_NT
PROCESSOR_IDENTIFIER=Intel64 Family 6 Model 58 Stepping 9, GenuineIntel



---------------  S Y S T E M  ---------------

OS: Windows 10 , 64 bit Build 17134 (10.0.17134.1425)

CPU:total 4 (initial active 4) (2 cores per cpu, 2 threads per core) family 6 model 58 stepping 9, cmov, cx8, fxsr, mmx, sse, sse2, sse3, ssse3, sse4.1, sse4.2, popcnt, avx, aes, clmul, erms, ht, tsc, tscinvbit, tscinv

Memory: 4k page, system-wide physical 8081M (809M free)
TotalPageFile size 10081M (AvailPageFile size 6M)
current process WorkingSet (physical memory assigned to process): 245M, peak: 245M
current process commit charge ("private bytes"): 311M, peak: 342M

vm_info: Java HotSpot(TM) 64-Bit Server VM (11.0.5+10-LTS) for windows-amd64 JRE (11.0.5+10-LTS), built on Oct  6 2019 12:37:14 by "mach5one" with MS VC++ 15.5 (VS2017)

END.
