#
# There is insufficient memory for the Java Runtime Environment to continue.
# Native memory allocation (mmap) failed to map 32505856 bytes for Failed to commit area from 0x000000008b400000 to 0x000000008d300000 of length 32505856.
# Possible reasons:
#   The system is out of physical RAM or swap space
#   The process is running with CompressedOops enabled, and the Java Heap may be blocking the growth of the native heap
# Possible solutions:
#   Reduce memory load on the system
#   Increase physical memory or swap space
#   Check if swap backing store is full
#   Decrease Java heap size (-Xmx/-Xms)
#   Decrease number of Java threads
#   Decrease Java thread stack sizes (-Xss)
#   Set larger code cache with -XX:ReservedCodeCacheSize=
#   JVM is running with Unscaled Compressed Oops mode in which the Java heap is
#     placed in the first 4GB address space. The Java Heap base address is the
#     maximum limit for the native heap growth. Please use -XX:HeapBaseMinAddress
#     to set the Java Heap base and to place the Java Heap above 4GB virtual address.
# This output file may be truncated or incomplete.
#
#  Out of Memory Error (t:/workspace/open/src/hotspot/os/windows/os_windows.cpp:3274), pid=11732, tid=13132
#
# JRE version: Java(TM) SE Runtime Environment (11.0.5+10) (build 11.0.5+10-LTS)
# Java VM: Java HotSpot(TM) 64-Bit Server VM (11.0.5+10-LTS, mixed mode, tiered, compressed oops, g1 gc, windows-amd64)
# No core dump will be written. Minidumps are not enabled by default on client versions of Windows
#

---------------  S U M M A R Y ------------

Command Line: -XX:TieredStopAtLevel=1 -Xverify:none -Dspring.output.ansi.enabled=always -javaagent:C:\Program Files\JetBrains\IntelliJ IDEA 2019.3.3\lib\idea_rt.jar=5245:C:\Program Files\JetBrains\IntelliJ IDEA 2019.3.3\bin -Dfile.encoding=UTF-8 com.expenses2.demo.Expense2Application

Host: Intel(R) Core(TM) i5-3230M CPU @ 2.60GHz, 4 cores, 7G,  Windows 10 , 64 bit Build 17134 (10.0.17134.1425)
Time: Tue Oct 13 09:15:57 2020 E. Africa Standard Time elapsed time: 8 seconds (0d 0h 0m 8s)

---------------  T H R E A D  ---------------

Current thread (0x0000022b7fa77000):  VMThread "VM Thread" [stack: 0x0000003d65400000,0x0000003d65500000] [id=13132]

Stack: [0x0000003d65400000,0x0000003d65500000]
[error occurred during error reporting (printing stack bounds), id 0xc0000005, EXCEPTION_ACCESS_VIOLATION (0xc0000005) at pc=0x0000022b00000bad]

Native frames: (J=compiled Java code, j=interpreted, Vv=VM code, C=native code)
V  [jvm.dll+0x63611a]
V  [jvm.dll+0x77426f]
V  [jvm.dll+0x77591a]
V  [jvm.dll+0x775f35]
V  [jvm.dll+0x775eeb]
V  [jvm.dll+0x635826]
V  [jvm.dll+0x635be8]
C  [ntdll.dll+0x9f7fd]
C  [ntdll.dll+0xd856]
C  [ntdll.dll+0x9e72e]
C  0x0000022b00000bad

VM_Operation (0x0000003d66bfe190): G1CollectForAllocation, mode: safepoint, requested by thread 0x0000022b155c7000


---------------  P R O C E S S  ---------------

Threads class SMR info:
_java_thread_list=0x0000022b131d6bc0, length=19, elements={
0x0000022b726f9000, 0x0000022b7fab1000, 0x0000022b7fab2800, 0x0000022b7fc02800,
0x0000022b7fabe000, 0x0000022b7fabf800, 0x0000022b7fc19800, 0x0000022b7fa30800,
0x0000022b7ffb8800, 0x0000022b7ffb9000, 0x0000022b11f97800, 0x0000022b11f9a000,
0x0000022b130ef800, 0x0000022b11dbc800, 0x0000022b7fd29800, 0x0000022b132ab000,
0x0000022b13368000, 0x0000022b1348f000, 0x0000022b155c7000
}

Java Threads: ( => current thread )
  0x0000022b726f9000 JavaThread "main" [_thread_blocked, id=13088, stack(0x0000003d64e00000,0x0000003d64f00000)]
  0x0000022b7fab1000 JavaThread "Reference Handler" daemon [_thread_blocked, id=13144, stack(0x0000003d65500000,0x0000003d65600000)]
  0x0000022b7fab2800 JavaThread "Finalizer" daemon [_thread_blocked, id=13148, stack(0x0000003d65600000,0x0000003d65700000)]
  0x0000022b7fc02800 JavaThread "Signal Dispatcher" daemon [_thread_blocked, id=13212, stack(0x0000003d65700000,0x0000003d65800000)]
  0x0000022b7fabe000 JavaThread "Attach Listener" daemon [_thread_blocked, id=13216, stack(0x0000003d65800000,0x0000003d65900000)]
  0x0000022b7fabf800 JavaThread "C1 CompilerThread0" daemon [_thread_blocked, id=13112, stack(0x0000003d65900000,0x0000003d65a00000)]
  0x0000022b7fc19800 JavaThread "Sweeper thread" daemon [_thread_blocked, id=12968, stack(0x0000003d65a00000,0x0000003d65b00000)]
  0x0000022b7fa30800 JavaThread "Common-Cleaner" daemon [_thread_blocked, id=10248, stack(0x0000003d65b00000,0x0000003d65c00000)]
  0x0000022b7ffb8800 JavaThread "Monitor Ctrl-Break" daemon [_thread_in_native, id=7348, stack(0x0000003d65c00000,0x0000003d65d00000)]
  0x0000022b7ffb9000 JavaThread "Service Thread" daemon [_thread_blocked, id=12472, stack(0x0000003d65d00000,0x0000003d65e00000)]
  0x0000022b11f97800 JavaThread "Thread-0" [_thread_blocked, id=12496, stack(0x0000003d66100000,0x0000003d66200000)]
  0x0000022b11f9a000 JavaThread "restartedMain" [_thread_blocked, id=12568, stack(0x0000003d66200000,0x0000003d66300000)]
  0x0000022b130ef800 JavaThread "mysql-cj-abandoned-connection-cleanup" daemon [_thread_blocked, id=6372, stack(0x0000003d66300000,0x0000003d66400000)]
  0x0000022b11dbc800 JavaThread "task-1" [_thread_blocked, id=12500, stack(0x0000003d66500000,0x0000003d66600000)]
  0x0000022b7fd29800 JavaThread "Catalina-utility-1" [_thread_blocked, id=12532, stack(0x0000003d66600000,0x0000003d66700000)]
  0x0000022b132ab000 JavaThread "Catalina-utility-2" [_thread_blocked, id=12164, stack(0x0000003d66700000,0x0000003d66800000)]
  0x0000022b13368000 JavaThread "container-0" [_thread_blocked, id=12832, stack(0x0000003d66800000,0x0000003d66900000)]
  0x0000022b1348f000 JavaThread "HikariPool-1 housekeeper" daemon [_thread_blocked, id=12296, stack(0x0000003d66a00000,0x0000003d66b00000)]
  0x0000022b155c7000 JavaThread "HikariPool-1 connection adder" daemon [_thread_blocked, id=12544, stack(0x0000003d66b00000,0x0000003d66c00000)]

Other Threads:
=>0x0000022b7fa77000 VMThread "VM Thread" [stack: 0x0000003d65400000,0x0000003d65500000] [id=13132]
  0x0000022b11a1b800 WatcherThread [stack: 0x0000003d65e00000,0x0000003d65f00000] [id=7672]
  0x0000022b72711000 GCTaskThread "GC Thread#0" [stack: 0x0000003d64f00000,0x0000003d65000000] [id=8488]
  0x0000022b11c23000 GCTaskThread "GC Thread#1" [stack: 0x0000003d65f00000,0x0000003d66000000] [id=4560]
  0x0000022b11c26000 GCTaskThread "GC Thread#2" [stack: 0x0000003d66000000,0x0000003d66100000] [id=7624]
  0x0000022b12675800 GCTaskThread "GC Thread#3" [stack: 0x0000003d66400000,0x0000003d66500000] [id=10868]
  0x0000022b72741800 ConcurrentGCThread "G1 Main Marker" [stack: 0x0000003d65000000,0x0000003d65100000] [id=13008]
  0x0000022b72742800 ConcurrentGCThread "G1 Conc#0" [stack: 0x0000003d65100000,0x0000003d65200000] [id=13100]
  0x0000022b7f8e4800 ConcurrentGCThread "G1 Refine#0" [stack: 0x0000003d65200000,0x0000003d65300000] [id=13120]
  0x0000022b7f8e5800 ConcurrentGCThread "G1 Young RemSet Sampling" [stack: 0x0000003d65300000,0x0000003d65400000] [id=12856]

Threads with active compile tasks:
C1 CompilerThread04410       1       com.mysql.cj.protocol.a.MysqlTextValueDecoder::getLong (324 bytes)

VM state:at safepoint (normal execution)

VM Mutex/Monitor currently owned by a thread:  ([mutex/lock_event])
[0x0000022b726f4670] Threads_lock - owner thread: 0x0000022b7fa77000
[0x0000022b726f3620] Heap_lock - owner thread: 0x0000022b155c7000

Heap address: 0x0000000081a00000, size: 2022 MB, Compressed Oops mode: 32-bit
Narrow klass base: 0x0000000000000000, Narrow klass shift: 3
Compressed class space size: 1073741824 Address: 0x0000000100000000

Heap:
 garbage-first heap   total 189440K, used 25436K [0x0000000081a00000, 0x0000000100000000)
  region size 1024K, 12 young (12288K), 12 survivors (12288K)
 Metaspace       used 43698K, capacity 44919K, committed 45104K, reserved 1089536K
  class space    used 5521K, capacity 5989K, committed 6016K, reserved 1048576K
Heap Regions: E=young(eden), S=young(survivor), O=old, HS=humongous(starts), HC=humongous(continues), CS=collection set, F=free, A=archive, TAMS=top-at-mark-start (previous, next)
|   0|0x0000000081a00000, 0x0000000081b00000, 0x0000000081b00000|100%|HS|  |TAMS 0x0000000081b00000, 0x0000000081a00000| Complete 
|   1|0x0000000081b00000, 0x0000000081c00000, 0x0000000081c00000|100%|HS|  |TAMS 0x0000000081c00000, 0x0000000081b00000| Complete 
|   2|0x0000000081c00000, 0x0000000081d00000, 0x0000000081d00000|100%| O|  |TAMS 0x0000000081d00000, 0x0000000081c00000| Untracked 
|   3|0x0000000081d00000, 0x0000000081e00000, 0x0000000081e00000|100%| O|  |TAMS 0x0000000081e00000, 0x0000000081d00000| Untracked 
|   4|0x0000000081e00000, 0x0000000081f00000, 0x0000000081f00000|100%| O|  |TAMS 0x0000000081f00000, 0x0000000081e00000| Untracked 
|   5|0x0000000081f00000, 0x0000000082000000, 0x0000000082000000|100%| O|  |TAMS 0x0000000082000000, 0x0000000081f00000| Untracked 
|   6|0x0000000082000000, 0x0000000082100000, 0x0000000082100000|100%| O|  |TAMS 0x0000000082100000, 0x0000000082000000| Untracked 
|   7|0x0000000082100000, 0x0000000082200000, 0x0000000082200000|100%| O|  |TAMS 0x0000000082200000, 0x0000000082100000| Untracked 
|   8|0x0000000082200000, 0x0000000082300000, 0x0000000082300000|100%| O|  |TAMS 0x0000000082300000, 0x0000000082200000| Untracked 
|   9|0x0000000082300000, 0x0000000082400000, 0x0000000082400000|100%| O|  |TAMS 0x0000000082400000, 0x0000000082300000| Untracked 
|  10|0x0000000082400000, 0x0000000082500000, 0x0000000082500000|100%| O|  |TAMS 0x0000000082500000, 0x0000000082400000| Untracked 
|  11|0x0000000082500000, 0x0000000082600000, 0x0000000082600000|100%| O|  |TAMS 0x0000000082600000, 0x0000000082500000| Untracked 
|  12|0x0000000082600000, 0x00000000826dae00, 0x0000000082700000| 85%| O|  |TAMS 0x0000000082618600, 0x0000000082600000| Untracked 
|  13|0x0000000082700000, 0x0000000082700000, 0x0000000082800000|  0%| F|  |TAMS 0x0000000082700000, 0x0000000082700000| Untracked 
|  14|0x0000000082800000, 0x0000000082800000, 0x0000000082900000|  0%| F|  |TAMS 0x0000000082800000, 0x0000000082800000| Untracked 
|  15|0x0000000082900000, 0x0000000082900000, 0x0000000082a00000|  0%| F|  |TAMS 0x0000000082900000, 0x0000000082900000| Untracked 
|  16|0x0000000082a00000, 0x0000000082a00000, 0x0000000082b00000|  0%| F|  |TAMS 0x0000000082a00000, 0x0000000082a00000| Untracked 
|  17|0x0000000082b00000, 0x0000000082b00000, 0x0000000082c00000|  0%| F|  |TAMS 0x0000000082b00000, 0x0000000082b00000| Untracked 
|  18|0x0000000082c00000, 0x0000000082c00000, 0x0000000082d00000|  0%| F|  |TAMS 0x0000000082c00000, 0x0000000082c00000| Untracked 
|  19|0x0000000082d00000, 0x0000000082d00000, 0x0000000082e00000|  0%| F|  |TAMS 0x0000000082d00000, 0x0000000082d00000| Untracked 
|  20|0x0000000082e00000, 0x0000000082e00000, 0x0000000082f00000|  0%| F|  |TAMS 0x0000000082e00000, 0x0000000082e00000| Untracked 
|  21|0x0000000082f00000, 0x0000000082f00000, 0x0000000083000000|  0%| F|  |TAMS 0x0000000082f00000, 0x0000000082f00000| Untracked 
|  22|0x0000000083000000, 0x0000000083000000, 0x0000000083100000|  0%| F|  |TAMS 0x0000000083000000, 0x0000000083000000| Untracked 
|  23|0x0000000083100000, 0x0000000083100000, 0x0000000083200000|  0%| F|  |TAMS 0x0000000083100000, 0x0000000083100000| Untracked 
|  24|0x0000000083200000, 0x0000000083200000, 0x0000000083300000|  0%| F|  |TAMS 0x0000000083200000, 0x0000000083200000| Untracked 
|  25|0x0000000083300000, 0x0000000083300000, 0x0000000083400000|  0%| F|  |TAMS 0x0000000083300000, 0x0000000083300000| Untracked 
|  26|0x0000000083400000, 0x0000000083400000, 0x0000000083500000|  0%| F|  |TAMS 0x0000000083400000, 0x0000000083400000| Untracked 
|  27|0x0000000083500000, 0x0000000083500000, 0x0000000083600000|  0%| F|  |TAMS 0x0000000083500000, 0x0000000083500000| Untracked 
|  28|0x0000000083600000, 0x0000000083600000, 0x0000000083700000|  0%| F|  |TAMS 0x0000000083600000, 0x0000000083600000| Untracked 
|  29|0x0000000083700000, 0x0000000083700000, 0x0000000083800000|  0%| F|  |TAMS 0x0000000083700000, 0x0000000083700000| Untracked 
|  30|0x0000000083800000, 0x0000000083800000, 0x0000000083900000|  0%| F|  |TAMS 0x0000000083800000, 0x0000000083800000| Untracked 
|  31|0x0000000083900000, 0x0000000083900000, 0x0000000083a00000|  0%| F|  |TAMS 0x0000000083900000, 0x0000000083900000| Untracked 
|  32|0x0000000083a00000, 0x0000000083a00000, 0x0000000083b00000|  0%| F|  |TAMS 0x0000000083a00000, 0x0000000083a00000| Untracked 
|  33|0x0000000083b00000, 0x0000000083b00000, 0x0000000083c00000|  0%| F|  |TAMS 0x0000000083b00000, 0x0000000083b00000| Untracked 
|  34|0x0000000083c00000, 0x0000000083c00000, 0x0000000083d00000|  0%| F|  |TAMS 0x0000000083c00000, 0x0000000083c00000| Untracked 
|  35|0x0000000083d00000, 0x0000000083d00000, 0x0000000083e00000|  0%| F|  |TAMS 0x0000000083d00000, 0x0000000083d00000| Untracked 
|  36|0x0000000083e00000, 0x0000000083e00000, 0x0000000083f00000|  0%| F|  |TAMS 0x0000000083e00000, 0x0000000083e00000| Untracked 
|  37|0x0000000083f00000, 0x0000000083f00000, 0x0000000084000000|  0%| F|  |TAMS 0x0000000083f00000, 0x0000000083f00000| Untracked 
|  38|0x0000000084000000, 0x0000000084000000, 0x0000000084100000|  0%| F|  |TAMS 0x0000000084000000, 0x0000000084000000| Untracked 
|  39|0x0000000084100000, 0x0000000084100000, 0x0000000084200000|  0%| F|  |TAMS 0x0000000084100000, 0x0000000084100000| Untracked 
|  40|0x0000000084200000, 0x0000000084200000, 0x0000000084300000|  0%| F|  |TAMS 0x0000000084200000, 0x0000000084200000| Untracked 
|  41|0x0000000084300000, 0x0000000084300000, 0x0000000084400000|  0%| F|  |TAMS 0x0000000084300000, 0x0000000084300000| Untracked 
|  42|0x0000000084400000, 0x0000000084400000, 0x0000000084500000|  0%| F|  |TAMS 0x0000000084400000, 0x0000000084400000| Untracked 
|  43|0x0000000084500000, 0x0000000084500000, 0x0000000084600000|  0%| F|  |TAMS 0x0000000084500000, 0x0000000084500000| Untracked 
|  44|0x0000000084600000, 0x0000000084600000, 0x0000000084700000|  0%| F|  |TAMS 0x0000000084600000, 0x0000000084600000| Untracked 
|  45|0x0000000084700000, 0x0000000084700000, 0x0000000084800000|  0%| F|  |TAMS 0x0000000084700000, 0x0000000084700000| Untracked 
|  46|0x0000000084800000, 0x0000000084800000, 0x0000000084900000|  0%| F|  |TAMS 0x0000000084800000, 0x0000000084800000| Untracked 
|  47|0x0000000084900000, 0x0000000084900000, 0x0000000084a00000|  0%| F|  |TAMS 0x0000000084900000, 0x0000000084900000| Untracked 
|  48|0x0000000084a00000, 0x0000000084a00000, 0x0000000084b00000|  0%| F|  |TAMS 0x0000000084a00000, 0x0000000084a00000| Untracked 
|  49|0x0000000084b00000, 0x0000000084b00000, 0x0000000084c00000|  0%| F|  |TAMS 0x0000000084b00000, 0x0000000084b00000| Untracked 
|  50|0x0000000084c00000, 0x0000000084cfc480, 0x0000000084d00000| 98%| S|CS|TAMS 0x0000000084c00000, 0x0000000084c00000| Complete 
|  51|0x0000000084d00000, 0x0000000084e00000, 0x0000000084e00000|100%| S|CS|TAMS 0x0000000084d00000, 0x0000000084d00000| Complete 
|  52|0x0000000084e00000, 0x0000000084f00000, 0x0000000084f00000|100%| S|CS|TAMS 0x0000000084e00000, 0x0000000084e00000| Complete 
|  53|0x0000000084f00000, 0x0000000085000000, 0x0000000085000000|100%| S|CS|TAMS 0x0000000084f00000, 0x0000000084f00000| Complete 
|  54|0x0000000085000000, 0x0000000085100000, 0x0000000085100000|100%| S|CS|TAMS 0x0000000085000000, 0x0000000085000000| Complete 
|  55|0x0000000085100000, 0x0000000085200000, 0x0000000085200000|100%| S|CS|TAMS 0x0000000085100000, 0x0000000085100000| Complete 
|  56|0x0000000085200000, 0x0000000085300000, 0x0000000085300000|100%| S|CS|TAMS 0x0000000085200000, 0x0000000085200000| Complete 
|  57|0x0000000085300000, 0x0000000085400000, 0x0000000085400000|100%| S|CS|TAMS 0x0000000085300000, 0x0000000085300000| Complete 
|  58|0x0000000085400000, 0x0000000085500000, 0x0000000085500000|100%| S|CS|TAMS 0x0000000085400000, 0x0000000085400000| Complete 
|  59|0x0000000085500000, 0x0000000085600000, 0x0000000085600000|100%| S|CS|TAMS 0x0000000085500000, 0x0000000085500000| Complete 
|  60|0x0000000085600000, 0x0000000085700000, 0x0000000085700000|100%| S|CS|TAMS 0x0000000085600000, 0x0000000085600000| Complete 
|  61|0x0000000085700000, 0x0000000085800000, 0x0000000085800000|100%| S|CS|TAMS 0x0000000085700000, 0x0000000085700000| Complete 
|  62|0x0000000085800000, 0x0000000085800000, 0x0000000085900000|  0%| F|  |TAMS 0x0000000085800000, 0x0000000085800000| Untracked 
|  63|0x0000000085900000, 0x0000000085900000, 0x0000000085a00000|  0%| F|  |TAMS 0x0000000085900000, 0x0000000085900000| Untracked 
|  64|0x0000000085a00000, 0x0000000085a00000, 0x0000000085b00000|  0%| F|  |TAMS 0x0000000085a00000, 0x0000000085a00000| Untracked 
|  65|0x0000000085b00000, 0x0000000085b00000, 0x0000000085c00000|  0%| F|  |TAMS 0x0000000085b00000, 0x0000000085b00000| Untracked 
|  66|0x0000000085c00000, 0x0000000085c00000, 0x0000000085d00000|  0%| F|  |TAMS 0x0000000085c00000, 0x0000000085c00000| Untracked 
|  67|0x0000000085d00000, 0x0000000085d00000, 0x0000000085e00000|  0%| F|  |TAMS 0x0000000085d00000, 0x0000000085d00000| Untracked 
|  68|0x0000000085e00000, 0x0000000085e00000, 0x0000000085f00000|  0%| F|  |TAMS 0x0000000085e00000, 0x0000000085e00000| Untracked 
|  69|0x0000000085f00000, 0x0000000085f00000, 0x0000000086000000|  0%| F|  |TAMS 0x0000000085f00000, 0x0000000085f00000| Untracked 
|  70|0x0000000086000000, 0x0000000086000000, 0x0000000086100000|  0%| F|  |TAMS 0x0000000086000000, 0x0000000086000000| Untracked 
|  71|0x0000000086100000, 0x0000000086100000, 0x0000000086200000|  0%| F|  |TAMS 0x0000000086100000, 0x0000000086100000| Untracked 
|  72|0x0000000086200000, 0x0000000086200000, 0x0000000086300000|  0%| F|  |TAMS 0x0000000086200000, 0x0000000086200000| Untracked 
|  73|0x0000000086300000, 0x0000000086300000, 0x0000000086400000|  0%| F|  |TAMS 0x0000000086300000, 0x0000000086300000| Untracked 
|  74|0x0000000086400000, 0x0000000086400000, 0x0000000086500000|  0%| F|  |TAMS 0x0000000086400000, 0x0000000086400000| Untracked 
|  75|0x0000000086500000, 0x0000000086500000, 0x0000000086600000|  0%| F|  |TAMS 0x0000000086500000, 0x0000000086500000| Untracked 
|  76|0x0000000086600000, 0x0000000086600000, 0x0000000086700000|  0%| F|  |TAMS 0x0000000086600000, 0x0000000086600000| Untracked 
|  77|0x0000000086700000, 0x0000000086700000, 0x0000000086800000|  0%| F|  |TAMS 0x0000000086700000, 0x0000000086700000| Untracked 
|  78|0x0000000086800000, 0x0000000086800000, 0x0000000086900000|  0%| F|  |TAMS 0x0000000086800000, 0x0000000086800000| Untracked 
|  79|0x0000000086900000, 0x0000000086900000, 0x0000000086a00000|  0%| F|  |TAMS 0x0000000086900000, 0x0000000086900000| Untracked 
|  80|0x0000000086a00000, 0x0000000086a00000, 0x0000000086b00000|  0%| F|  |TAMS 0x0000000086a00000, 0x0000000086a00000| Untracked 
|  81|0x0000000086b00000, 0x0000000086b00000, 0x0000000086c00000|  0%| F|  |TAMS 0x0000000086b00000, 0x0000000086b00000| Untracked 
|  82|0x0000000086c00000, 0x0000000086c00000, 0x0000000086d00000|  0%| F|  |TAMS 0x0000000086c00000, 0x0000000086c00000| Untracked 
|  83|0x0000000086d00000, 0x0000000086d00000, 0x0000000086e00000|  0%| F|  |TAMS 0x0000000086d00000, 0x0000000086d00000| Untracked 
|  84|0x0000000086e00000, 0x0000000086e00000, 0x0000000086f00000|  0%| F|  |TAMS 0x0000000086e00000, 0x0000000086e00000| Untracked 
|  85|0x0000000086f00000, 0x0000000086f00000, 0x0000000087000000|  0%| F|  |TAMS 0x0000000086f00000, 0x0000000086f00000| Untracked 
|  86|0x0000000087000000, 0x0000000087000000, 0x0000000087100000|  0%| F|  |TAMS 0x0000000087000000, 0x0000000087000000| Untracked 
|  87|0x0000000087100000, 0x0000000087100000, 0x0000000087200000|  0%| F|  |TAMS 0x0000000087100000, 0x0000000087100000| Untracked 
|  88|0x0000000087200000, 0x0000000087200000, 0x0000000087300000|  0%| F|  |TAMS 0x0000000087200000, 0x0000000087200000| Untracked 
|  89|0x0000000087300000, 0x0000000087300000, 0x0000000087400000|  0%| F|  |TAMS 0x0000000087300000, 0x0000000087300000| Untracked 
|  90|0x0000000087400000, 0x0000000087400000, 0x0000000087500000|  0%| F|  |TAMS 0x0000000087400000, 0x0000000087400000| Untracked 
|  91|0x0000000087500000, 0x0000000087500000, 0x0000000087600000|  0%| F|  |TAMS 0x0000000087500000, 0x0000000087500000| Untracked 
|  92|0x0000000087600000, 0x0000000087600000, 0x0000000087700000|  0%| F|  |TAMS 0x0000000087600000, 0x0000000087600000| Untracked 
|  93|0x0000000087700000, 0x0000000087700000, 0x0000000087800000|  0%| F|  |TAMS 0x0000000087700000, 0x0000000087700000| Untracked 
|  94|0x0000000087800000, 0x0000000087800000, 0x0000000087900000|  0%| F|  |TAMS 0x0000000087800000, 0x0000000087800000| Untracked 
|  95|0x0000000087900000, 0x0000000087900000, 0x0000000087a00000|  0%| F|  |TAMS 0x0000000087900000, 0x0000000087900000| Untracked 
|  96|0x0000000087a00000, 0x0000000087a00000, 0x0000000087b00000|  0%| F|  |TAMS 0x0000000087a00000, 0x0000000087a00000| Untracked 
|  97|0x0000000087b00000, 0x0000000087b00000, 0x0000000087c00000|  0%| F|  |TAMS 0x0000000087b00000, 0x0000000087b00000| Untracked 
|  98|0x0000000087c00000, 0x0000000087c00000, 0x0000000087d00000|  0%| F|  |TAMS 0x0000000087c00000, 0x0000000087c00000| Untracked 
|  99|0x0000000087d00000, 0x0000000087d00000, 0x0000000087e00000|  0%| F|  |TAMS 0x0000000087d00000, 0x0000000087d00000| Untracked 
| 100|0x0000000087e00000, 0x0000000087e00000, 0x0000000087f00000|  0%| F|  |TAMS 0x0000000087e00000, 0x0000000087e00000| Untracked 
| 101|0x0000000087f00000, 0x0000000087f00000, 0x0000000088000000|  0%| F|  |TAMS 0x0000000087f00000, 0x0000000087f00000| Untracked 
| 102|0x0000000088000000, 0x0000000088000000, 0x0000000088100000|  0%| F|  |TAMS 0x0000000088000000, 0x0000000088000000| Untracked 
| 103|0x0000000088100000, 0x0000000088100000, 0x0000000088200000|  0%| F|  |TAMS 0x0000000088100000, 0x0000000088100000| Untracked 
| 104|0x0000000088200000, 0x0000000088200000, 0x0000000088300000|  0%| F|  |TAMS 0x0000000088200000, 0x0000000088200000| Untracked 
| 105|0x0000000088300000, 0x0000000088300000, 0x0000000088400000|  0%| F|  |TAMS 0x0000000088300000, 0x0000000088300000| Untracked 
| 106|0x0000000088400000, 0x0000000088400000, 0x0000000088500000|  0%| F|  |TAMS 0x0000000088400000, 0x0000000088400000| Untracked 
| 107|0x0000000088500000, 0x0000000088500000, 0x0000000088600000|  0%| F|  |TAMS 0x0000000088500000, 0x0000000088500000| Untracked 
| 108|0x0000000088600000, 0x0000000088600000, 0x0000000088700000|  0%| F|  |TAMS 0x0000000088600000, 0x0000000088600000| Untracked 
| 109|0x0000000088700000, 0x0000000088700000, 0x0000000088800000|  0%| F|  |TAMS 0x0000000088700000, 0x0000000088700000| Untracked 
| 110|0x0000000088800000, 0x0000000088800000, 0x0000000088900000|  0%| F|  |TAMS 0x0000000088800000, 0x0000000088800000| Untracked 
| 111|0x0000000088900000, 0x0000000088900000, 0x0000000088a00000|  0%| F|  |TAMS 0x0000000088900000, 0x0000000088900000| Untracked 
| 112|0x0000000088a00000, 0x0000000088a00000, 0x0000000088b00000|  0%| F|  |TAMS 0x0000000088a00000, 0x0000000088a00000| Untracked 
| 113|0x0000000088b00000, 0x0000000088b00000, 0x0000000088c00000|  0%| F|  |TAMS 0x0000000088b00000, 0x0000000088b00000| Untracked 
| 114|0x0000000088c00000, 0x0000000088c00000, 0x0000000088d00000|  0%| F|  |TAMS 0x0000000088c00000, 0x0000000088c00000| Untracked 
| 115|0x0000000088d00000, 0x0000000088d00000, 0x0000000088e00000|  0%| F|  |TAMS 0x0000000088d00000, 0x0000000088d00000| Untracked 
| 116|0x0000000088e00000, 0x0000000088e00000, 0x0000000088f00000|  0%| F|  |TAMS 0x0000000088e00000, 0x0000000088e00000| Untracked 
| 117|0x0000000088f00000, 0x0000000088f00000, 0x0000000089000000|  0%| F|  |TAMS 0x0000000088f00000, 0x0000000088f00000| Untracked 
| 118|0x0000000089000000, 0x0000000089000000, 0x0000000089100000|  0%| F|  |TAMS 0x0000000089000000, 0x0000000089000000| Untracked 
| 119|0x0000000089100000, 0x0000000089100000, 0x0000000089200000|  0%| F|  |TAMS 0x0000000089100000, 0x0000000089100000| Untracked 
| 120|0x0000000089200000, 0x0000000089200000, 0x0000000089300000|  0%| F|  |TAMS 0x0000000089200000, 0x0000000089200000| Untracked 
| 121|0x0000000089300000, 0x0000000089300000, 0x0000000089400000|  0%| F|  |TAMS 0x0000000089300000, 0x0000000089300000| Untracked 
| 122|0x0000000089400000, 0x0000000089400000, 0x0000000089500000|  0%| F|  |TAMS 0x0000000089400000, 0x0000000089400000| Untracked 
| 123|0x0000000089500000, 0x0000000089500000, 0x0000000089600000|  0%| F|  |TAMS 0x0000000089500000, 0x0000000089500000| Untracked 
| 124|0x0000000089600000, 0x0000000089600000, 0x0000000089700000|  0%| F|  |TAMS 0x0000000089600000, 0x0000000089600000| Untracked 
| 125|0x0000000089700000, 0x0000000089700000, 0x0000000089800000|  0%| F|  |TAMS 0x0000000089700000, 0x0000000089700000| Untracked 
| 126|0x0000000089800000, 0x0000000089800000, 0x0000000089900000|  0%| F|  |TAMS 0x0000000089800000, 0x0000000089800000| Untracked 
| 127|0x0000000089900000, 0x0000000089900000, 0x0000000089a00000|  0%| F|  |TAMS 0x0000000089900000, 0x0000000089900000| Untracked 
| 128|0x0000000089a00000, 0x0000000089a00000, 0x0000000089b00000|  0%| F|  |TAMS 0x0000000089a00000, 0x0000000089a00000| Untracked 
| 129|0x0000000089b00000, 0x0000000089b00000, 0x0000000089c00000|  0%| F|  |TAMS 0x0000000089b00000, 0x0000000089b00000| Untracked 
| 130|0x0000000089c00000, 0x0000000089c00000, 0x0000000089d00000|  0%| F|  |TAMS 0x0000000089c00000, 0x0000000089c00000| Untracked 
| 131|0x0000000089d00000, 0x0000000089d00000, 0x0000000089e00000|  0%| F|  |TAMS 0x0000000089d00000, 0x0000000089d00000| Untracked 
| 132|0x0000000089e00000, 0x0000000089e00000, 0x0000000089f00000|  0%| F|  |TAMS 0x0000000089e00000, 0x0000000089e00000| Untracked 
| 133|0x0000000089f00000, 0x0000000089f00000, 0x000000008a000000|  0%| F|  |TAMS 0x0000000089f00000, 0x0000000089f00000| Untracked 
| 134|0x000000008a000000, 0x000000008a000000, 0x000000008a100000|  0%| F|  |TAMS 0x000000008a000000, 0x000000008a000000| Untracked 
| 135|0x000000008a100000, 0x000000008a100000, 0x000000008a200000|  0%| F|  |TAMS 0x000000008a100000, 0x000000008a100000| Untracked 
| 136|0x000000008a200000, 0x000000008a200000, 0x000000008a300000|  0%| F|  |TAMS 0x000000008a200000, 0x000000008a200000| Untracked 
| 137|0x000000008a300000, 0x000000008a300000, 0x000000008a400000|  0%| F|  |TAMS 0x000000008a300000, 0x000000008a300000| Untracked 
| 138|0x000000008a400000, 0x000000008a400000, 0x000000008a500000|  0%| F|  |TAMS 0x000000008a400000, 0x000000008a400000| Untracked 
| 139|0x000000008a500000, 0x000000008a500000, 0x000000008a600000|  0%| F|  |TAMS 0x000000008a500000, 0x000000008a500000| Untracked 
| 140|0x000000008a600000, 0x000000008a600000, 0x000000008a700000|  0%| F|  |TAMS 0x000000008a600000, 0x000000008a600000| Untracked 
| 141|0x000000008a700000, 0x000000008a700000, 0x000000008a800000|  0%| F|  |TAMS 0x000000008a700000, 0x000000008a700000| Untracked 
| 142|0x000000008a800000, 0x000000008a800000, 0x000000008a900000|  0%| F|  |TAMS 0x000000008a800000, 0x000000008a800000| Untracked 
| 143|0x000000008a900000, 0x000000008a900000, 0x000000008aa00000|  0%| F|  |TAMS 0x000000008a900000, 0x000000008a900000| Untracked 
| 144|0x000000008aa00000, 0x000000008aa00000, 0x000000008ab00000|  0%| F|  |TAMS 0x000000008aa00000, 0x000000008aa00000| Untracked 
| 145|0x000000008ab00000, 0x000000008ab00000, 0x000000008ac00000|  0%| F|  |TAMS 0x000000008ab00000, 0x000000008ab00000| Untracked 
| 146|0x000000008ac00000, 0x000000008ac00000, 0x000000008ad00000|  0%| F|  |TAMS 0x000000008ac00000, 0x000000008ac00000| Untracked 
| 147|0x000000008ad00000, 0x000000008ad00000, 0x000000008ae00000|  0%| F|  |TAMS 0x000000008ad00000, 0x000000008ad00000| Untracked 
| 148|0x000000008ae00000, 0x000000008ae00000, 0x000000008af00000|  0%| F|  |TAMS 0x000000008ae00000, 0x000000008ae00000| Untracked 
| 149|0x000000008af00000, 0x000000008af00000, 0x000000008b000000|  0%| F|  |TAMS 0x000000008af00000, 0x000000008af00000| Untracked 
| 150|0x000000008b000000, 0x000000008b000000, 0x000000008b100000|  0%| F|  |TAMS 0x000000008b000000, 0x000000008b000000| Untracked 
| 151|0x000000008b100000, 0x000000008b100000, 0x000000008b200000|  0%| F|  |TAMS 0x000000008b100000, 0x000000008b100000| Untracked 
| 152|0x000000008b200000, 0x000000008b200000, 0x000000008b300000|  0%| F|  |TAMS 0x000000008b200000, 0x000000008b200000| Untracked 
| 153|0x000000008b300000, 0x000000008b300000, 0x000000008b400000|  0%| F|  |TAMS 0x000000008b300000, 0x000000008b300000| Untracked 

Card table byte_map: [0x0000022b7ae50000,0x0000022b7b250000] _byte_map_base: 0x0000022b7aa43000

Marking Bits (Prev, Next): (CMBitMap*) 0x0000022b72738998, (CMBitMap*) 0x0000022b727389d0
 Prev Bits: [0x0000022b7b650000, 0x0000022b7d5e8000)
 Next Bits: [0x0000022b7d5f0000, 0x0000022b7f588000)

Polling page: 0x0000022b70660000

Metaspace:

Usage:
  Non-class:     38.02 MB capacity,    37.28 MB ( 98%) used,   607.56 KB (  2%) free+waste,   145.06 KB ( <1%) overhead. 
      Class:      5.85 MB capacity,     5.39 MB ( 92%) used,   397.50 KB (  7%) free+waste,    70.38 KB (  1%) overhead. 
       Both:     43.87 MB capacity,    42.67 MB ( 97%) used,  1005.06 KB (  2%) free+waste,   215.44 KB ( <1%) overhead. 

Virtual space:
  Non-class space:       40.00 MB reserved,      38.17 MB ( 95%) committed 
      Class space:        1.00 GB reserved,       5.88 MB ( <1%) committed 
             Both:        1.04 GB reserved,      44.05 MB (  4%) committed 

Chunk freelists:
   Non-Class:  3.75 KB
       Class:  0 bytes
        Both:  3.75 KB

CodeHeap 'non-profiled nmethods': size=238912Kb used=7410Kb max_used=7410Kb free=231501Kb
 bounds [0x0000022b006b0000, 0x0000022b00df0000, 0x0000022b0f000000]
CodeHeap 'non-nmethods': size=6848Kb used=1171Kb max_used=1171Kb free=5676Kb
 bounds [0x0000022b00000000, 0x0000022b00270000, 0x0000022b006b0000]
 total_blobs=4931 nmethods=4390 adapters=437
 compilation: enabled
              stopped_count=0, restarted_count=0
 full_count=0

Compilation events (10 events):
Event: 8.813 Thread 0x0000022b7fabf800 nmethod 4400 0x0000022b00de4790 code [0x0000022b00de4940, 0x0000022b00de4a90]
Event: 8.815 Thread 0x0000022b7fabf800 4401       1       java.lang.Integer::toString (55 bytes)
Event: 8.815 Thread 0x0000022b7fabf800 nmethod 4401 0x0000022b00de4b10 code [0x0000022b00de4ce0, 0x0000022b00de4f60]
Event: 8.816 Thread 0x0000022b7fabf800 4402       1       com.mysql.cj.util.LazyString::length (20 bytes)
Event: 8.817 Thread 0x0000022b7fabf800 nmethod 4402 0x0000022b00de5090 code [0x0000022b00de5240, 0x0000022b00de5398]
Event: 8.817 Thread 0x0000022b7fabf800 4403       1       com.mysql.cj.protocol.a.MysqlTextValueDecoder::getInt (54 bytes)
Event: 8.818 Thread 0x0000022b7fabf800 nmethod 4403 0x0000022b00de5490 code [0x0000022b00de5680, 0x0000022b00de5aa0]
Event: 8.818 Thread 0x0000022b7fabf800 4404   !   1       com.mysql.cj.jdbc.result.ResultSetImpl::getObject (910 bytes)
Event: 8.832 Thread 0x0000022b7fabf800 nmethod 4404 0x0000022b00de5c90 code [0x0000022b00de66e0, 0x0000022b00de9bd0]
Event: 8.832 Thread 0x0000022b7fabf800 4410       1       com.mysql.cj.protocol.a.MysqlTextValueDecoder::getLong (324 bytes)

GC Heap History (10 events):
Event: 4.101 GC heap after
{Heap after GC invocations=7 (full 0):
 garbage-first heap   total 131072K, used 12934K [0x0000000081a00000, 0x0000000100000000)
  region size 1024K, 4 young (4096K), 4 survivors (4096K)
 Metaspace       used 21722K, capacity 22319K, committed 22448K, reserved 1069056K
  class space    used 2519K, capacity 2736K, committed 2816K, reserved 1048576K
}
Event: 5.028 GC heap before
{Heap before GC invocations=7 (full 0):
 garbage-first heap   total 131072K, used 81542K [0x0000000081a00000, 0x0000000100000000)
  region size 1024K, 71 young (72704K), 4 survivors (4096K)
 Metaspace       used 22246K, capacity 22888K, committed 23088K, reserved 1069056K
  class space    used 2599K, capacity 2858K, committed 2944K, reserved 1048576K
}
Event: 5.040 GC heap after
{Heap after GC invocations=8 (full 0):
 garbage-first heap   total 157696K, used 13825K [0x0000000081a00000, 0x0000000100000000)
  region size 1024K, 5 young (5120K), 5 survivors (5120K)
 Metaspace       used 22246K, capacity 22888K, committed 23088K, reserved 1069056K
  class space    used 2599K, capacity 2858K, committed 2944K, reserved 1048576K
}
Event: 6.823 GC heap before
{Heap before GC invocations=8 (full 0):
 garbage-first heap   total 157696K, used 94721K [0x0000000081a00000, 0x0000000100000000)
  region size 1024K, 84 young (86016K), 5 survivors (5120K)
 Metaspace       used 29489K, capacity 30478K, committed 30640K, reserved 1075200K
  class space    used 3636K, capacity 3994K, committed 4096K, reserved 1048576K
}
Event: 6.835 GC heap after
{Heap after GC invocations=9 (full 0):
 garbage-first heap   total 157696K, used 17486K [0x0000000081a00000, 0x0000000100000000)
  region size 1024K, 9 young (9216K), 9 survivors (9216K)
 Metaspace       used 29489K, capacity 30478K, committed 30640K, reserved 1075200K
  class space    used 3636K, capacity 3994K, committed 4096K, reserved 1048576K
}
Event: 7.074 GC heap before
{Heap before GC invocations=9 (full 0):
 garbage-first heap   total 157696K, used 101454K [0x0000000081a00000, 0x0000000100000000)
  region size 1024K, 92 young (94208K), 9 survivors (9216K)
 Metaspace       used 31677K, capacity 32723K, committed 32944K, reserved 1077248K
  class space    used 3845K, capacity 4230K, committed 4352K, reserved 1048576K
}
Event: 7.088 GC heap after
{Heap after GC invocations=10 (full 0):
 garbage-first heap   total 157696K, used 18743K [0x0000000081a00000, 0x0000000100000000)
  region size 1024K, 7 young (7168K), 7 survivors (7168K)
 Metaspace       used 31677K, capacity 32723K, committed 32944K, reserved 1077248K
  class space    used 3845K, capacity 4230K, committed 4352K, reserved 1048576K
}
Event: 7.692 GC heap before
{Heap before GC invocations=10 (full 0):
 garbage-first heap   total 157696K, used 60727K [0x0000000081a00000, 0x0000000100000000)
  region size 1024K, 50 young (51200K), 7 survivors (7168K)
 Metaspace       used 34710K, capacity 35751K, committed 35888K, reserved 1081344K
  class space    used 4214K, capacity 4660K, committed 4736K, reserved 1048576K
}
Event: 7.706 GC heap after
{Heap after GC invocations=11 (full 0):
 garbage-first heap   total 157696K, used 19881K [0x0000000081a00000, 0x0000000100000000)
  region size 1024K, 8 young (8192K), 8 survivors (8192K)
 Metaspace       used 34710K, capacity 35751K, committed 35888K, reserved 1081344K
  class space    used 4214K, capacity 4660K, committed 4736K, reserved 1048576K
}
Event: 8.834 GC heap before
{Heap before GC invocations=12 (full 0):
 garbage-first heap   total 157696K, used 104873K [0x0000000081a00000, 0x0000000100000000)
  region size 1024K, 92 young (94208K), 8 survivors (8192K)
 Metaspace       used 43698K, capacity 44919K, committed 45104K, reserved 1089536K
  class space    used 5521K, capacity 5989K, committed 6016K, reserved 1048576K
}

Deoptimization events (0 events):
No events

Classes redefined (0 events):
No events

Internal exceptions (10 events):
Event: 7.707 Thread 0x0000022b11f9a000 Exception <a 'java/lang/ClassNotFoundException'{0x000000008b352e38}: org/springframework/security/config/annotation/authentication/configuration/AuthenticationConfigurationCustomizer> (0x000000008b352e38) thrown at [t:/workspace/open/src/hotspot/share/cla
Event: 7.913 Thread 0x0000022b11f9a000 Exception <a 'java/io/FileNotFoundException'{0x000000008a39c6a0}> (0x000000008a39c6a0) thrown at [t:/workspace/open/src/hotspot/share/prims/jni.cpp, line 615]
Event: 8.182 Thread 0x0000022b11f9a000 Exception <a 'java/io/FileNotFoundException'{0x0000000088b2eba0}> (0x0000000088b2eba0) thrown at [t:/workspace/open/src/hotspot/share/prims/jni.cpp, line 615]
Event: 8.182 Thread 0x0000022b11f9a000 Exception <a 'java/io/FileNotFoundException'{0x0000000088b2f670}> (0x0000000088b2f670) thrown at [t:/workspace/open/src/hotspot/share/prims/jni.cpp, line 615]
Event: 8.317 Thread 0x0000022b11f9a000 Exception <a 'java/lang/ClassNotFoundException'{0x0000000087d732f8}: java/lang/ObjectCustomizer> (0x0000000087d732f8) thrown at [t:/workspace/open/src/hotspot/share/classfile/systemDictionary.cpp, line 231]
Event: 8.319 Thread 0x0000022b11f9a000 Exception <a 'java/lang/ClassNotFoundException'{0x0000000087b0e360}: org/springframework/security/config/annotation/web/configuration/WebSecurityConfigurationCustomizer> (0x0000000087b0e360) thrown at [t:/workspace/open/src/hotspot/share/classfile/systemD
Event: 8.321 Thread 0x0000022b11f9a000 Exception <a 'java/lang/ClassNotFoundException'{0x0000000087b2b258}: org/springframework/context/annotation/ImportAwareCustomizer> (0x0000000087b2b258) thrown at [t:/workspace/open/src/hotspot/share/classfile/systemDictionary.cpp, line 231]
Event: 8.324 Thread 0x0000022b11f9a000 Exception <a 'java/lang/ClassNotFoundException'{0x0000000087b3c8a8}: org/springframework/beans/factory/AwareCustomizer> (0x0000000087b3c8a8) thrown at [t:/workspace/open/src/hotspot/share/classfile/systemDictionary.cpp, line 231]
Event: 8.325 Thread 0x0000022b11f9a000 Exception <a 'java/lang/ClassNotFoundException'{0x0000000087b4f428}: org/springframework/beans/factory/BeanClassLoaderAwareCustomizer> (0x0000000087b4f428) thrown at [t:/workspace/open/src/hotspot/share/classfile/systemDictionary.cpp, line 231]
Event: 8.335 Thread 0x0000022b11f9a000 Exception <a 'java/lang/ClassNotFoundException'{0x0000000087b60a88}: org/springframework/beans/factory/AwareCustomizer> (0x0000000087b60a88) thrown at [t:/workspace/open/src/hotspot/share/classfile/systemDictionary.cpp, line 231]

Events (10 events):
Event: 8.822 loading class com/fasterxml/jackson/databind/deser/ValueInstantiator done
Event: 8.827 loading class org/hibernate/engine/jdbc/env/internal/LobCreatorBuilderImpl
Event: 8.827 loading class org/hibernate/engine/jdbc/env/internal/LobCreatorBuilderImpl done
Event: 8.827 loading class org/hibernate/engine/jdbc/env/spi/LobCreatorBuilder
Event: 8.827 loading class org/hibernate/engine/jdbc/env/spi/LobCreatorBuilder done
Event: 8.828 loading class org/hibernate/internal/CoreMessageLogger_$logger_en_US
Event: 8.828 loading class org/hibernate/internal/CoreMessageLogger_$logger_en_US done
Event: 8.828 loading class org/hibernate/internal/CoreMessageLogger_$logger_en
Event: 8.828 loading class org/hibernate/internal/CoreMessageLogger_$logger_en done
Event: 8.834 Executing VM operation: G1CollectForAllocation


Dynamic libraries:
0x00007ff685070000 - 0x00007ff6850b7000 	C:\Program Files\Java\jdk-11.0.5\bin\java.exe
0x00007ff946500000 - 0x00007ff9466e1000 	C:\WINDOWS\SYSTEM32\ntdll.dll
0x00007ff945be0000 - 0x00007ff945c91000 	C:\WINDOWS\System32\KERNEL32.DLL
0x00007ff943360000 - 0x00007ff9435d3000 	C:\WINDOWS\System32\KERNELBASE.dll
0x00007ff946020000 - 0x00007ff9460c1000 	C:\WINDOWS\System32\ADVAPI32.dll
0x00007ff946300000 - 0x00007ff94639e000 	C:\WINDOWS\System32\msvcrt.dll
0x00007ff9463d0000 - 0x00007ff94642b000 	C:\WINDOWS\System32\sechost.dll
0x00007ff945640000 - 0x00007ff945764000 	C:\WINDOWS\System32\RPCRT4.dll
0x00007ff945e20000 - 0x00007ff945fb1000 	C:\WINDOWS\System32\USER32.dll
0x00007ff942900000 - 0x00007ff942920000 	C:\WINDOWS\System32\win32u.dll
0x00007ff9463a0000 - 0x00007ff9463c8000 	C:\WINDOWS\System32\GDI32.dll
0x00007ff9435e0000 - 0x00007ff943773000 	C:\WINDOWS\System32\gdi32full.dll
0x00007ff943140000 - 0x00007ff9431df000 	C:\WINDOWS\System32\msvcp_win.dll
0x00007ff943040000 - 0x00007ff943138000 	C:\WINDOWS\System32\ucrtbase.dll
0x00007ff939c90000 - 0x00007ff939ef9000 	C:\WINDOWS\WinSxS\amd64_microsoft.windows.common-controls_6595b64144ccf1df_6.0.17134.1726_none_d3fdb88f7c924124\COMCTL32.dll
0x00007ff945800000 - 0x00007ff945b21000 	C:\WINDOWS\System32\combase.dll
0x00007ff9413a0000 - 0x00007ff9413aa000 	C:\WINDOWS\SYSTEM32\VERSION.dll
0x00007ff943290000 - 0x00007ff943309000 	C:\WINDOWS\System32\bcryptPrimitives.dll
0x00007ff945b50000 - 0x00007ff945b7d000 	C:\WINDOWS\System32\IMM32.DLL
0x00007ff938b00000 - 0x00007ff938b16000 	C:\Program Files\Java\jdk-11.0.5\bin\vcruntime140.dll
0x00007ff921c10000 - 0x00007ff921cba000 	C:\Program Files\Java\jdk-11.0.5\bin\msvcp140.dll
0x00007ff901a20000 - 0x00007ff902548000 	C:\Program Files\Java\jdk-11.0.5\bin\server\jvm.dll
0x00007ff9457f0000 - 0x00007ff9457f8000 	C:\WINDOWS\System32\PSAPI.DLL
0x00007ff93d9b0000 - 0x00007ff93d9b9000 	C:\WINDOWS\SYSTEM32\WSOCK32.dll
0x00007ff946290000 - 0x00007ff9462fc000 	C:\WINDOWS\System32\WS2_32.dll
0x00007ff9405b0000 - 0x00007ff9405d3000 	C:\WINDOWS\SYSTEM32\WINMM.dll
0x00007ff940580000 - 0x00007ff9405aa000 	C:\WINDOWS\SYSTEM32\WINMMBASE.dll
0x00007ff943310000 - 0x00007ff943359000 	C:\WINDOWS\System32\cfgmgr32.dll
0x00007ff942810000 - 0x00007ff942821000 	C:\WINDOWS\System32\kernel.appcore.dll
0x00007ff92cc50000 - 0x00007ff92cc61000 	C:\Program Files\Java\jdk-11.0.5\bin\verify.dll
0x00007ff92ee50000 - 0x00007ff92f019000 	C:\WINDOWS\SYSTEM32\DBGHELP.DLL
0x00007ff932940000 - 0x00007ff932969000 	C:\WINDOWS\SYSTEM32\dbgcore.DLL
0x00007ff92c5f0000 - 0x00007ff92c619000 	C:\Program Files\Java\jdk-11.0.5\bin\java.dll
0x00007ff913800000 - 0x00007ff91382f000 	C:\Program Files\Java\jdk-11.0.5\bin\instrument.dll
0x00007ff92cc30000 - 0x00007ff92cc46000 	C:\Program Files\Java\jdk-11.0.5\bin\zip.dll
0x00007ff9349f0000 - 0x00007ff9349fa000 	C:\Program Files\Java\jdk-11.0.5\bin\jimage.dll
0x00007ff943970000 - 0x00007ff944db5000 	C:\WINDOWS\System32\SHELL32.dll
0x00007ff9460e0000 - 0x00007ff946189000 	C:\WINDOWS\System32\shcore.dll
0x00007ff942920000 - 0x00007ff943035000 	C:\WINDOWS\System32\windows.storage.dll
0x00007ff945b80000 - 0x00007ff945bd1000 	C:\WINDOWS\System32\shlwapi.dll
0x00007ff9427f0000 - 0x00007ff94280f000 	C:\WINDOWS\System32\profapi.dll
0x00007ff942850000 - 0x00007ff94289c000 	C:\WINDOWS\System32\powrprof.dll
0x00007ff9427e0000 - 0x00007ff9427ea000 	C:\WINDOWS\System32\FLTLIB.DLL
0x00007ff92a9c0000 - 0x00007ff92a9d9000 	C:\Program Files\Java\jdk-11.0.5\bin\net.dll
0x00007ff93e480000 - 0x00007ff93e55d000 	C:\WINDOWS\SYSTEM32\WINHTTP.dll
0x00007ff942010000 - 0x00007ff942076000 	C:\WINDOWS\system32\mswsock.dll
0x00007ff92a1a0000 - 0x00007ff92a1b3000 	C:\Program Files\Java\jdk-11.0.5\bin\nio.dll
0x00007ff9135b0000 - 0x00007ff9135ca000 	C:\Program Files\JetBrains\IntelliJ IDEA 2019.3.3\bin\breakgen64.dll
0x00007ff933df0000 - 0x00007ff933df9000 	C:\Program Files\Java\jdk-11.0.5\bin\management.dll
0x00007ff933dc0000 - 0x00007ff933dcc000 	C:\Program Files\Java\jdk-11.0.5\bin\management_ext.dll
0x00007ff928840000 - 0x00007ff928856000 	C:\WINDOWS\system32\napinsp.dll
0x00007ff9285b0000 - 0x00007ff9285ca000 	C:\WINDOWS\system32\pnrpnsp.dll
0x00007ff93ee50000 - 0x00007ff93ee69000 	C:\WINDOWS\system32\NLAapi.dll
0x00007ff941db0000 - 0x00007ff941e6f000 	C:\WINDOWS\SYSTEM32\DNSAPI.dll
0x00007ff9460d0000 - 0x00007ff9460d8000 	C:\WINDOWS\System32\NSI.dll
0x00007ff941d70000 - 0x00007ff941da8000 	C:\WINDOWS\SYSTEM32\IPHLPAPI.DLL
0x00007ff929770000 - 0x00007ff92977e000 	C:\WINDOWS\System32\winrnr.dll
0x00007ff935c20000 - 0x00007ff935c2a000 	C:\Windows\System32\rasadhlp.dll
0x00007ff939930000 - 0x00007ff9399a2000 	C:\WINDOWS\System32\fwpuclnt.dll
0x00007ff9423b0000 - 0x00007ff9423d5000 	C:\WINDOWS\SYSTEM32\bcrypt.dll
0x00007ff9423e0000 - 0x00007ff9423f7000 	C:\WINDOWS\SYSTEM32\CRYPTSP.dll
0x00007ff941bd0000 - 0x00007ff941c03000 	C:\WINDOWS\system32\rsaenh.dll
0x00007ff942710000 - 0x00007ff942738000 	C:\WINDOWS\SYSTEM32\USERENV.dll
0x00007ff942170000 - 0x00007ff94217b000 	C:\WINDOWS\SYSTEM32\CRYPTBASE.dll
0x00007ff93a9a0000 - 0x00007ff93a9b6000 	C:\WINDOWS\SYSTEM32\dhcpcsvc6.DLL
0x00007ff93a700000 - 0x00007ff93a71a000 	C:\WINDOWS\SYSTEM32\dhcpcsvc.DLL

dbghelp: loaded successfully - version: 4.0.5 - missing functions: none
symbol engine: initialized successfully - sym options: 0x614 - pdb path: .;C:\Program Files\Java\jdk-11.0.5\bin;C:\WINDOWS\SYSTEM32;C:\WINDOWS\WinSxS\amd64_microsoft.windows.common-controls_6595b64144ccf1df_6.0.17134.1726_none_d3fdb88f7c924124;C:\Program Files\Java\jdk-11.0.5\bin\server;C:\Program Files\JetBrains\IntelliJ IDEA 2019.3.3\bin

VM Arguments:
jvm_args: -XX:TieredStopAtLevel=1 -Xverify:none -Dspring.output.ansi.enabled=always -javaagent:C:\Program Files\JetBrains\IntelliJ IDEA 2019.3.3\lib\idea_rt.jar=5245:C:\Program Files\JetBrains\IntelliJ IDEA 2019.3.3\bin -Dfile.encoding=UTF-8 
java_command: com.expenses2.demo.Expense2Application
java_class_path (initial): C:\Users\admin\Documents\workspace\construction-backend\target\classes;C:\Users\admin\Downloads\validation-api-2.0.0.Final.jar;C:\Users\admin\Downloads\jar_files (26)\thymeleaf-spring5-3.0.10.RELEASE.jar;C:\Users\admin\Downloads\jar_files (26)\attoparser-2.0.5.RELEASE.jar;C:\Users\admin\Downloads\jar_files (26)\thymeleaf-3.0.10.RELEASE.jar;C:\Users\admin\Downloads\jar_files (26)\slf4j-api-1.7.25.jar;C:\Users\admin\Downloads\jar_files (33)\poi-4.1.0.jar;C:\Users\admin\Downloads\jar_files (33)\curvesapi-1.06.jar;C:\Users\admin\Downloads\jar_files (33)\xmlbeans-3.1.0.jar;C:\Users\admin\Downloads\jar_files (33)\poi-ooxml-4.1.0.jar;C:\Users\admin\Downloads\jar_files (33)\commons-codec-1.12.jar;C:\Users\admin\Downloads\jar_files (33)\commons-math3-3.6.1.jar;C:\Users\admin\Downloads\jar_files (33)\commons-compress-1.18.jar;C:\Users\admin\Downloads\jar_files (33)\poi-ooxml-schemas-4.1.0.jar;C:\Users\admin\Downloads\jar_files (33)\commons-collections4-4.3.jar;C:\Users\admin\Downloads\itextpdf-5.4.0.jar\itextpdf-5.4.0.jar;C:\Users\admin\Downloads\jar_files (34)\javax.activation-api-1.2.0.jar;C:\Users\admin\Downloads\jar_files (34)\jaxb-api-2.4.0-b180830.0359.jar;C:\Users\admin\Downloads\jar_files (36)\jackson-annotations-2.8.0.jar;C:\Users\admin\Downloads\jar_files (36)\jackson-core-2.8.9.jar;C:\Users\admin\Downloads\jar_files (36)\jackson-databind-2.8.9.jar;C:\Users\admin\Downloads\jar_files (36)\jjwt-0.9.0.jar;C:\Users\admin\.m2\repository\org\springframework\boot\spring-boot-starter-data-jpa\2.3.1.RELEASE\spring-boot-starter-data-jpa-2.3.1.RELEASE.jar;C:\Users\admin\.m2\repository\org\springframework\boot\spring-boot-starter-aop\2.3.1.RELEASE\spring-boot-starter-aop-2.3.1.RELEASE.jar;C:\Users\admin\.m2\repository\org\aspectj\aspectjweaver\1.9.5\aspectjweaver-1.9.5.jar;C:\Users\admin\.m2\repository\org\springframework\boot\spring-boot-starter-jdbc\2.3.1.RELEASE\spring-boot-starter-jdbc-2.3.1.RELEASE.jar;C:\Users\admin\.m2\repository\com\zaxxer\H
Launcher Type: SUN_STANDARD

[Global flags]
     bool BytecodeVerificationLocal                = false                                     {product} {command line}
     bool BytecodeVerificationRemote               = false                                     {product} {command line}
     intx CICompilerCount                          = 3                                         {product} {ergonomic}
     uint ConcGCThreads                            = 1                                         {product} {ergonomic}
     uint G1ConcRefinementThreads                  = 4                                         {product} {ergonomic}
   size_t G1HeapRegionSize                         = 1048576                                   {product} {ergonomic}
    uintx GCDrainStackTargetSize                   = 64                                        {product} {ergonomic}
   size_t InitialHeapSize                          = 134217728                                 {product} {ergonomic}
   size_t MarkStackSize                            = 4194304                                   {product} {ergonomic}
   size_t MaxHeapSize                              = 2120220672                                {product} {ergonomic}
   size_t MaxNewSize                               = 1271922688                                {product} {ergonomic}
   size_t MinHeapDeltaBytes                        = 1048576                                   {product} {ergonomic}
    uintx NonNMethodCodeHeapSize                   = 6973028                                {pd product} {ergonomic}
    uintx NonProfiledCodeHeapSize                  = 244685212                              {pd product} {ergonomic}
    uintx ProfiledCodeHeapSize                     = 0                                      {pd product} {ergonomic}
    uintx ReservedCodeCacheSize                    = 251658240                              {pd product} {ergonomic}
     bool SegmentedCodeCache                       = true                                      {product} {ergonomic}
     intx TieredStopAtLevel                        = 1                                         {product} {command line}
     bool UseCompressedClassPointers               = true                                 {lp64_product} {ergonomic}
     bool UseCompressedOops                        = true                                 {lp64_product} {ergonomic}
     bool UseG1GC                                  = true                                      {product} {ergonomic}
     bool UseLargePagesIndividualAllocation        = false                                  {pd product} {ergonomic}

Logging:
Log output configuration:
 #0: stdout all=warning uptime,level,tags
 #1: stderr all=off uptime,level,tags

Environment Variables:
JAVA_HOME=C:\Program Files\Java\jdk1.8.0_201
PATH=C:\Program Files (x86)\Common Files\NetSarang;C:\Program Files (x86)\Common Files\Oracle\Java\javapath;E:\app\admin\product\11.2.0\dbhome_1\bin;C:\ProgramData\Oracle\Java\javapath;C:\WINDOWS\system32;C:\WINDOWS;C:\WINDOWS\System32\Wbem;C:\WINDOWS\System32\WindowsPowerShell\v1.0\;C:\Program Files\dotnet\;C:\WINDOWS\system32\config\systemprofile\.dnx\bin;C:\Program Files\Microsoft DNX\Dnvm\;C:\Program Files\squishcoco;C:\Program Files (x86)\GnuWin32\bin;C:\Program Files\Java\jdk1.8.0_25\bin;JAVA_HOME;C:\WINDOWS\System32\OpenSSH\;C:\Program Files\Java\jdk1.8.0_25;C:\Users\admin\Downloads\Compressed\apache-maven-3.6.0-bin\apache-maven-3.6.0\bin;C:\Program Files\PuTTY\;C:\Users\admin\Documents\GitHub\osmosis-latest\bin;C:\PostgreSQL\pg11\bin;C:\Gradle\gradle-5.4.1\bin;C:\Program Files\nodejs\;C:\Users\admin\AppData\Local\Microsoft\WindowsApps;C:\Users\admin\AppData\Local\GitHubDesktop\bin;ANDROID_HOME;C:\Program Files\Java\jdk1.8.0_201\bin;C:\Users\admin\AppData\Roaming\npm;C:\maven\apache-maven-3.6.3-bin\apache-maven-3.6.3\bin;
USERNAME=admin
OS=Windows_NT
PROCESSOR_IDENTIFIER=Intel64 Family 6 Model 58 Stepping 9, GenuineIntel



---------------  S Y S T E M  ---------------

OS: Windows 10 , 64 bit Build 17134 (10.0.17134.1425)

CPU:total 4 (initial active 4) (2 cores per cpu, 2 threads per core) family 6 model 58 stepping 9, cmov, cx8, fxsr, mmx, sse, sse2, sse3, ssse3, sse4.1, sse4.2, popcnt, avx, aes, clmul, erms, ht, tsc, tscinvbit, tscinv

Memory: 4k page, system-wide physical 8081M (1119M free)
TotalPageFile size 10081M (AvailPageFile size 26M)
current process WorkingSet (physical memory assigned to process): 222M, peak: 222M
current process commit charge ("private bytes"): 296M, peak: 327M

vm_info: Java HotSpot(TM) 64-Bit Server VM (11.0.5+10-LTS) for windows-amd64 JRE (11.0.5+10-LTS), built on Oct  6 2019 12:37:14 by "mach5one" with MS VC++ 15.5 (VS2017)

END.
